Log file open, 09/29/17 13:50:47
LogWindows: Failed to load 'aqProf.dll' (GetLastError=126)
LogWindows: File 'aqProf.dll' does not exist
LogWindows: Failed to load 'VSPerf140.dll' (GetLastError=126)
LogWindows: File 'VSPerf140.dll' does not exist
LogWindows: Failed to load 'VtuneApi.dll' (GetLastError=126)
LogWindows: File 'VtuneApi.dll' does not exist
LogWindows: Failed to load 'VtuneApi32e.dll' (GetLastError=126)
LogWindows: File 'VtuneApi32e.dll' does not exist
LogInit: Display: Running engine for game: WizardSchoolVR
LogPlatformFile: Not using cached read wrapper
LogInit: Display: RandInit(30209028) SRandInit(30209028).
LogTaskGraph: Started task graph with 5 named threads and 14 total threads with 3 sets of task threads.
LogStats: Stats thread started at 0.151271
LogD3D11RHI: Aftermath initialized
LogPluginManager: Mounting plugin Paper2D
LogPluginManager: Mounting plugin LightPropagationVolume
LogPluginManager: Mounting plugin CodeLiteSourceCodeAccess
LogPluginManager: Mounting plugin GitSourceControl
LogPluginManager: Mounting plugin KDevelopSourceCodeAccess
LogPluginManager: Mounting plugin NullSourceCodeAccess
LogPluginManager: Mounting plugin PerforceSourceControl
LogPluginManager: Mounting plugin SubversionSourceControl
LogPluginManager: Mounting plugin UObjectPlugin
LogPluginManager: Mounting plugin VisualStudioSourceCodeAccess
LogPluginManager: Mounting plugin XCodeSourceCodeAccess
LogPluginManager: Mounting plugin AssetManagerEditor
LogPluginManager: Mounting plugin AudioCapture
LogPluginManager: Mounting plugin FacialAnimation
LogPluginManager: Mounting plugin GameplayTagsEditor
LogPluginManager: Mounting plugin MobileLauncherProfileWizard
LogPluginManager: Mounting plugin PluginBrowser
LogPluginManager: Mounting plugin SpeedTreeImporter
LogPluginManager: Mounting plugin AlembicImporter
LogPluginManager: Mounting plugin CharacterAI
LogPluginManager: Mounting plugin HTML5Networking
LogPluginManager: Mounting plugin AndroidMedia
LogPluginManager: Mounting plugin AvfMedia
LogPluginManager: Mounting plugin MediaPlayerEditor
LogPluginManager: Mounting plugin WmfMedia
LogPluginManager: Mounting plugin TcpMessaging
LogPluginManager: Mounting plugin UdpMessaging
LogPluginManager: Mounting plugin LevelSequenceEditor
LogPluginManager: Mounting plugin MatineeToLevelSequence
LogPluginManager: Mounting plugin OnlineSubsystemGooglePlay
LogPluginManager: Mounting plugin OnlineSubsystemIOS
LogPluginManager: Mounting plugin OnlineSubsystem
LogPluginManager: Mounting plugin OnlineSubsystemNull
LogPluginManager: Mounting plugin OnlineSubsystemUtils
LogPluginManager: Mounting plugin AndroidDeviceProfileSelector
LogPluginManager: Mounting plugin AndroidMoviePlayer
LogPluginManager: Mounting plugin AndroidPermission
LogPluginManager: Mounting plugin AppleMoviePlayer
LogPluginManager: Mounting plugin ArchVisCharacter
LogPluginManager: Mounting plugin CableComponent
LogPluginManager: Mounting plugin CustomMeshComponent
LogPluginManager: Mounting plugin ExampleDeviceProfileSelector
LogPluginManager: Mounting plugin GoogleCloudMessaging
LogPluginManager: Mounting plugin ImmediatePhysics
LogPluginManager: Mounting plugin IOSDeviceProfileSelector
LogPluginManager: Mounting plugin LinuxDeviceProfileSelector
LogPluginManager: Mounting plugin LocationServicesBPLibrary
LogPluginManager: Mounting plugin MobilePatchingUtils
LogPluginManager: Mounting plugin OculusVR
LogPluginManager: Mounting plugin PhysXVehicles
LogPluginManager: Mounting plugin ProceduralMeshComponent
LogPluginManager: Mounting plugin RuntimePhysXCooking
LogPluginManager: Mounting plugin SteamVR
LogPluginManager: Mounting plugin WindowsMoviePlayer
LogInit: Using libcurl 7.47.1
LogInit:  - built for x86_64-pc-win32
LogInit:  - supports SSL with OpenSSL/1.0.2g
LogInit:  - supports HTTP deflate (compression) using libz 1.2.8
LogInit:  - other features:
LogInit:      CURL_VERSION_SSL
LogInit:      CURL_VERSION_LIBZ
LogInit:      CURL_VERSION_IPV6
LogInit:      CURL_VERSION_ASYNCHDNS
LogInit:      CURL_VERSION_LARGEFILE
LogInit:      CURL_VERSION_IDN
LogInit:  CurlRequestOptions (configurable via config and command line):
LogInit:  - bVerifyPeer = false  - Libcurl will NOT verify peer certificate
LogInit:  - bUseHttpProxy = false  - Libcurl will NOT use HTTP proxy
LogInit:  - bDontReuseConnections = false  - Libcurl will reuse connections
LogInit:  - CertBundlePath = nullptr  - Libcurl will use whatever was configured at build time.
LogInit: Build: ++UE4+Release-4.17-CL-3658906
LogInit: Engine Version: 4.17.2-3658906+++UE4+Release-4.17
LogInit: Compatible Engine Version: 4.17.0-3573198+++UE4+Release-4.17
LogInit: Net CL: 3573198
LogDevObjectVersion: Number of dev versions registered: 16
LogDevObjectVersion:   Dev-Blueprints (B0D832E4-1F89-4F0D-ACCF-7EB736FD4AA2): 10
LogDevObjectVersion:   Dev-Build (E1C64328-A22C-4D53-A36C-8E866417BD8C): 0
LogDevObjectVersion:   Dev-Core (375EC13C-06E4-48FB-B500-84F0262A717E): 2
LogDevObjectVersion:   Dev-Editor (E4B068ED-F494-42E9-A231-DA0B2E46BB41): 20
LogDevObjectVersion:   Dev-Framework (CFFC743F-43B0-4480-9391-14DF171D2073): 28
LogDevObjectVersion:   Dev-Mobile (B02B49B5-BB20-44E9-A304-32B752E40360): 0
LogDevObjectVersion:   Dev-Networking (A4E4105C-59A1-49B5-A7C5-40C4547EDFEE): 0
LogDevObjectVersion:   Dev-Online (39C831C9-5AE6-47DC-9A44-9C173E1C8E7C): 0
LogDevObjectVersion:   Dev-Physics (78F01B33-EBEA-4F98-B9B4-84EACCB95AA2): 0
LogDevObjectVersion:   Dev-Platform (6631380F-2D4D-43E0-8009-CF276956A95A): 0
LogDevObjectVersion:   Dev-Rendering (12F88B9F-8875-4AFC-A67C-D90C383ABD29): 19
LogDevObjectVersion:   Dev-Sequencer (7B5AE74C-D270-4C10-A958-57980B212A5A): 4
LogDevObjectVersion:   Dev-VR (D7296918-1DD6-4BDD-9DE2-64A83CC13884): 0
LogDevObjectVersion:   Dev-LoadTimes (C2A15278-BFE7-4AFE-6C17-90FF531DF755): 1
LogDevObjectVersion:   Private-Geometry (6EACA3D4-40EC-4CC1-B786-8BED09428FC5): 1
LogDevObjectVersion:   Dev-AnimPhys (29E575DD-E0A3-4627-9D10-D276232CDCEA): 7
LogInit: Compiled (64-bit): Sep 22 2017 13:47:16
LogInit: Compiled with Visual C++: 19.00.24215.01
LogInit: Build Configuration: Development
LogInit: Branch Name: ++UE4+Release-4.17
LogInit: Command line:  
LogInit: Base directory: C:/Users/elsbeth.larkin/Documents/UE_4.17/Engine/Binaries/Win64/
LogInit: Installed Engine Build: 1
LogInit: Presizing for max 8388607 objects, including 0 objects not considered by GC, pre-allocating 0 bytes for permanent pool.
LogInit: Object subsystem initialized
[2017.09.29-20.50.48:156][  0]LogInit: Selected Device Profile: [Windows]
[2017.09.29-20.50.48:156][  0]LogInit: Applying CVar settings loaded from the selected device profile: [Windows]
[2017.09.29-20.50.48:173][  0]LogInit: Computer: DIT2864US
[2017.09.29-20.50.48:173][  0]LogInit: User: elsbethlarkin
[2017.09.29-20.50.48:173][  0]LogInit: CPU Page size=4096, Cores=4
[2017.09.29-20.50.48:173][  0]LogInit: High frequency timer resolution =3.914066 MHz
[2017.09.29-20.50.48:173][  0]LogMemory: Memory total: Physical=15.9GB (16GB approx)
[2017.09.29-20.50.48:173][  0]LogMemory: Platform Memory Stats for Windows
[2017.09.29-20.50.48:173][  0]LogMemory: Process Physical Memory: 278.91 MB used, 278.91 MB peak
[2017.09.29-20.50.48:173][  0]LogMemory: Process Virtual Memory: 282.20 MB used, 282.20 MB peak
[2017.09.29-20.50.48:173][  0]LogMemory: Physical Memory: 6659.29 MB used,  9639.87 MB free, 16299.16 MB total
[2017.09.29-20.50.48:173][  0]LogMemory: Virtual Memory: 676.79 MB used,  9639.87 MB free, 134217728.00 MB total
[2017.09.29-20.50.48:293][  0]LogInit: Using OS detected language (en-US).
[2017.09.29-20.50.48:293][  0]LogInit: Using OS detected locale (en-US).
[2017.09.29-20.50.48:295][  0]LogTextLocalizationManager: No specific localization for 'en-US' exists, so the 'en' localization will be used.
[2017.09.29-20.50.48:781][  0]LogD3D11RHI: D3D11 adapters:
[2017.09.29-20.50.48:810][  0]LogD3D11RHI:    0. 'NVIDIA GeForce GTX 960' (Feature Level 11_0)
[2017.09.29-20.50.48:810][  0]LogD3D11RHI:       4062/0/8149 MB DedicatedVideo/DedicatedSystem/SharedSystem, Outputs:2, VendorId:0x10de
[2017.09.29-20.50.48:811][  0]LogD3D11RHI:    1. 'Microsoft Basic Render Driver' (Feature Level 11_0)
[2017.09.29-20.50.48:811][  0]LogD3D11RHI:       0/0/8149 MB DedicatedVideo/DedicatedSystem/SharedSystem, Outputs:0, VendorId:0x1414
[2017.09.29-20.50.48:811][  0]LogD3D11RHI: Chosen D3D11 Adapter: 0
[2017.09.29-20.50.48:814][  0]LogD3D11RHI: Creating new Direct3DDevice
[2017.09.29-20.50.48:814][  0]LogD3D11RHI:     GPU DeviceId: 0x1401 (for the marketing name, search the web for "GPU Device Id")
[2017.09.29-20.50.48:815][  0]LogWindows: EnumDisplayDevices:
[2017.09.29-20.50.48:815][  0]LogWindows:    0. 'NVIDIA GeForce GTX 960' (P:0 D:1)
[2017.09.29-20.50.48:815][  0]LogWindows:    1. 'NVIDIA GeForce GTX 960' (P:1 D:1)
[2017.09.29-20.50.48:815][  0]LogWindows:    2. 'NVIDIA GeForce GTX 960' (P:0 D:0)
[2017.09.29-20.50.48:815][  0]LogWindows:    3. 'NVIDIA GeForce GTX 960' (P:0 D:0)
[2017.09.29-20.50.48:815][  0]LogWindows: DebugString: FoundDriverCount:4 
[2017.09.29-20.50.48:815][  0]LogD3D11RHI:     Adapter Name: NVIDIA GeForce GTX 960
[2017.09.29-20.50.48:815][  0]LogD3D11RHI:   Driver Version: 384.94 (internal:22.21.13.8494, unified:384.94)
[2017.09.29-20.50.48:815][  0]LogD3D11RHI:      Driver Date: 7-18-2017
[2017.09.29-20.50.48:815][  0]LogRHI: Texture pool is 1361 MB (70% of 1945 MB)
[2017.09.29-20.50.48:838][  0]LogD3D11RHI: Async texture creation enabled
[2017.09.29-20.50.48:847][  0]LogD3D11RHI: GPU Timing Frequency: 1000.000000 (Debug: 2 1)
[2017.09.29-20.50.48:938][  0]LogShaderCompilers: Guid format shader working directory is 13 characters bigger than the processId version (../../../../GitHub/VRacious/WizardSchoolVR/Intermediate/Shaders/WorkingDirectory/5892/).
[2017.09.29-20.50.48:938][  0]LogShaderCompilers: Cleaned the shader compiler working directory 'C:/Users/elsbeth.larkin/AppData/Local/Temp/UnrealShaderWorkingDir/8881905E41466AA743B2DAA456A76C97/'.
[2017.09.29-20.50.48:938][  0]LogShaderCompilers: Display: Using Local Shader Compiler.
[2017.09.29-20.50.49:590][  0]LogTemp: Display: Loaded TP AllDesktopTargetPlatform
[2017.09.29-20.50.49:624][  0]LogTemp: Display: Loaded TP MacClientTargetPlatform
[2017.09.29-20.50.49:658][  0]LogTemp: Display: Loaded TP MacNoEditorTargetPlatform
[2017.09.29-20.50.49:692][  0]LogTemp: Display: Loaded TP MacServerTargetPlatform
[2017.09.29-20.50.49:726][  0]LogTemp: Display: Loaded TP MacTargetPlatform
[2017.09.29-20.50.49:763][  0]LogTemp: Display: Loaded TP WindowsClientTargetPlatform
[2017.09.29-20.50.49:798][  0]LogTemp: Display: Loaded TP WindowsNoEditorTargetPlatform
[2017.09.29-20.50.49:833][  0]LogTemp: Display: Loaded TP WindowsServerTargetPlatform
[2017.09.29-20.50.49:862][  0]LogTemp: Display: Loaded TP WindowsTargetPlatform
[2017.09.29-20.50.49:895][  0]LogTemp: Display: Loaded TP AndroidTargetPlatform
[2017.09.29-20.50.49:928][  0]LogTemp: Display: Loaded TP Android_ASTCTargetPlatform
[2017.09.29-20.50.49:962][  0]LogTemp: Display: Loaded TP Android_ATCTargetPlatform
[2017.09.29-20.50.49:995][  0]LogTemp: Display: Loaded TP Android_DXTTargetPlatform
[2017.09.29-20.50.50:028][  0]LogTemp: Display: Loaded TP Android_ETC1TargetPlatform
[2017.09.29-20.50.50:063][  0]LogTemp: Display: Loaded TP Android_ETC2TargetPlatform
[2017.09.29-20.50.50:130][  0]LogTemp: Display: Loaded TP Android_MultiTargetPlatform
[2017.09.29-20.50.50:130][  0]LogTemp: Display: Loaded TP Android_PVRTCTargetPlatform
[2017.09.29-20.50.50:156][  0]LogTemp: Display: Loaded TP HTML5TargetPlatform
[2017.09.29-20.50.50:226][  0]LogTemp: Display: Loaded TP IOSTargetPlatform
[2017.09.29-20.50.50:246][  0]LogTemp: Display: Loaded TP TVOSTargetPlatform
[2017.09.29-20.50.50:281][  0]LogTemp: Display: Loaded TP LinuxClientTargetPlatform
[2017.09.29-20.50.50:315][  0]LogTemp: Display: Loaded TP LinuxNoEditorTargetPlatform
[2017.09.29-20.50.50:349][  0]LogTemp: Display: Loaded TP LinuxServerTargetPlatform
[2017.09.29-20.50.50:385][  0]LogTemp: Display: Loaded TP LinuxTargetPlatform
[2017.09.29-20.50.50:385][  0]LogTargetPlatformManager: Display: Building Assets For Windows
[2017.09.29-20.50.50:707][  0]LogDerivedDataCache: Display: Max Cache Size: 512 MB
[2017.09.29-20.50.50:778][  0]LogDerivedDataCache: Loaded boot cache 0.07s 106MB C:/Users/elsbeth.larkin/AppData/Local/UnrealEngine/4.17/DerivedDataCache/Boot.ddc.
[2017.09.29-20.50.50:778][  0]LogDerivedDataCache: Display: Loaded Boot cache: C:/Users/elsbeth.larkin/AppData/Local/UnrealEngine/4.17/DerivedDataCache/Boot.ddc
[2017.09.29-20.50.50:778][  0]LogDerivedDataCache: FDerivedDataBackendGraph:  Pak pak cache file ../../../../GitHub/VRacious/WizardSchoolVR/DerivedDataCache/DDC.ddp not found, will not use a pak cache.
[2017.09.29-20.50.50:778][  0]LogDerivedDataCache: Unable to find inner node Pak for hierarchical cache Hierarchy.
[2017.09.29-20.50.50:778][  0]LogDerivedDataCache: FDerivedDataBackendGraph:  CompressedPak pak cache file ../../../../GitHub/VRacious/WizardSchoolVR/DerivedDataCache/Compressed.ddp not found, will not use a pak cache.
[2017.09.29-20.50.50:778][  0]LogDerivedDataCache: Unable to find inner node CompressedPak for hierarchical cache Hierarchy.
[2017.09.29-20.50.50:790][  0]LogDerivedDataCache: Display: Pak cache opened for reading ../../../Engine/DerivedDataCache/Compressed.ddp.
[2017.09.29-20.50.50:801][  0]LogDerivedDataCache: Using Local data cache path C:/Users/elsbeth.larkin/AppData/Local/UnrealEngine/Common/DerivedDataCache: Writable
[2017.09.29-20.50.50:808][  0]LogMaterial: Verifying Global Shaders for PCD3D_SM5
[2017.09.29-20.50.50:808][  0]LogSlate: Using Freetype 2.6.0
[2017.09.29-20.50.50:809][  0]LogSlate: SlateFontCache - WITH_FREETYPE: 1, WITH_HARFBUZZ: 1
[2017.09.29-20.50.50:809][  0]LogSlate: SlateFontCache - WITH_FREETYPE: 1, WITH_HARFBUZZ: 1
[2017.09.29-20.50.50:994][  0]LogAssetRegistry: FAssetRegistry took 0.0245 seconds to start up
[2017.09.29-20.50.51:074][  0]LogInit: Selected Device Profile: [Windows]
[2017.09.29-20.50.51:188][  0]LogContentStreaming: Texture pool size is 0.00 MB
[2017.09.29-20.50.51:406][  0]LogSimplygon: Simplygon DLL not present - disabling.
[2017.09.29-20.50.51:432][  0]LogMeshReduction: Using SimplygonSwarm for distributed automatic mesh merging
[2017.09.29-20.50.51:432][  0]LogMeshReduction: Using QuadricMeshReduction for automatic static mesh reduction
[2017.09.29-20.50.51:432][  0]LogMeshReduction: No automatic skeletal mesh reduction module available
[2017.09.29-20.50.51:432][  0]LogMeshReduction: No automatic mesh merging module available
[2017.09.29-20.50.51:432][  0]LogMeshMerging: No automatic mesh merging module available
[2017.09.29-20.50.51:676][  0]LogNetVersion: WizardSchoolVR , NetCL: 3573198, EngineNetVer: 2, GameNetVer: 0 (Checksum: 1273405168)
[2017.09.29-20.50.51:810][  0]LogPackageLocalizationCache: Processed 5 localized package path(s) for 2 prioritized culture(s) in 0.028354 seconds
[2017.09.29-20.50.51:814][  0]LogUObjectArray: 35825 objects as part of root set at end of initial load.
[2017.09.29-20.50.51:814][  0]LogUObjectAllocator: 7529112 out of 0 bytes used by permanent object pool.
[2017.09.29-20.50.51:814][  0]LogUObjectArray: CloseDisregardForGC: 0/0 objects in disregard for GC pool
[2017.09.29-20.50.51:857][  0]LogInit: WinSock: version 1.1 (2.2), MaxSocks=32767, MaxUdp=65467
[2017.09.29-20.50.53:593][  0]LogTcpMessaging: Initializing TcpMessaging bridge
[2017.09.29-20.50.53:622][  0]LogUdpMessaging: Initializing bridge on interface 0.0.0.0:0 to multicast group 230.0.0.1:6666.
[2017.09.29-20.50.54:127][  0]LogMaterial: Uniform references updated for custom material expression Custom.
[2017.09.29-20.50.54:387][  0]SourceControl: Source control is disabled
[2017.09.29-20.50.55:499][  0]LogAndroidPermission: UAndroidPermissionCallbackProxy::GetInstance
[2017.09.29-20.50.55:664][  0]LogOcInput: OculusInput pre-init called
[2017.09.29-20.50.55:842][  0]LogEngine: Initializing Engine...
[2017.09.29-20.50.55:843][  0]LogHMD: Failed to initialize OpenVR with code 110
[2017.09.29-20.50.56:000][  0]LogStats: UGameplayTagsManager::ConstructGameplayTagTree: Construct from data asset -  0.000 s
[2017.09.29-20.50.56:000][  0]LogStats: UGameplayTagsManager::ConstructGameplayTagTree: GameplayTagTreeChangedEvent.Broadcast -  0.000 s
[2017.09.29-20.50.56:089][  0]LogAIModule: Creating AISystem for world Untitled
[2017.09.29-20.50.56:097][  0]LogInit: XAudio2 using 'Speakers (Realtek High Definition Audio)' : 2 channels at 48 kHz using 32 bits per sample (channel mask 0x3)
[2017.09.29-20.50.56:125][  0]LogInit: FAudioDevice initialized.
[2017.09.29-20.50.56:194][  0]LogDerivedDataCache: Saved boot cache 0.07s 94MB C:/Users/elsbeth.larkin/AppData/Local/UnrealEngine/4.17/DerivedDataCache/Boot.ddc.
[2017.09.29-20.50.56:397][  0]LogInit: Texture streaming: Enabled
[2017.09.29-20.50.56:491][  0]LogEngineSessionManager: EngineSessionManager initialized
[2017.09.29-20.50.56:634][  0]LogInit: Transaction tracking system initialized
[2017.09.29-20.50.56:836][  0]BlueprintLog: New page: Editor Load
[2017.09.29-20.50.57:437][  0]LocalizationService: Localization service is disabled
[2017.09.29-20.50.57:928][  0]LogConsoleResponse: Display: 
[2017.09.29-20.50.58:058][  0]LogCook: Display: Max memory allowance for cook 16384mb min free memory 0mb
[2017.09.29-20.50.58:058][  0]LogCook: Display: Mobile HDR setting 1
[2017.09.29-20.50.58:058][  0]LogGameplayTags: Display: UGameplayTagsManager::DoneAddingNativeTags. DelegateIsBound: 0
[2017.09.29-20.50.58:421][  0]LogFileCache: Scanning file cache for directory 'C:/Users/elsbeth.larkin/Documents/GitHub/VRacious/WizardSchoolVR/Content/' took 0.01s
[2017.09.29-20.50.58:730][  0]Cmd: MAP LOAD FILE="../../../../GitHub/VRacious/WizardSchoolVR/Content/VirtualRealityBP/Maps/StartupMap.umap" TEMPLATE=0 SHOWPROGRESS=1 FEATURELEVEL=3
[2017.09.29-20.50.58:731][  0]LightingResults: New page: Lighting Build
[2017.09.29-20.50.58:757][  0]MapCheck: New page: Map Check
[2017.09.29-20.50.58:757][  0]LightingResults: New page: Lighting Build
[2017.09.29-20.50.58:794][  0]LogGameplayTags: Warning: Invalid GameplayTag Ingredients found while loading property /Game/PotionsStuff/TeacherCuldrun.TeacherCuldrun_C:Ing.
[2017.09.29-20.50.58:938][  0]LogAIModule: Creating AISystem for world StartupMap
[2017.09.29-20.50.58:947][  0]LogEditorServer: Finished looking for orphan Actors (0.000 secs)
[2017.09.29-20.50.58:961][  0]Cmd: MAP CHECKDEP NOCLEARLOG
[2017.09.29-20.50.58:996][  0]MapCheck: Map check complete: 0 Error(s), 0 Warning(s), took 34.499ms to complete.
[2017.09.29-20.50.58:996][  0]LogFileHelpers: Loading map 'StartupMap' took 0.266
[2017.09.29-20.50.59:205][  0]LogCollectionManager: Loaded 0 collections in 0.001004 seconds
[2017.09.29-20.50.59:274][  0]LogFileCache: Scanning file cache for directory 'C:/Users/elsbeth.larkin/Documents/GitHub/VRacious/WizardSchoolVR/Saved/Collections/' took 0.01s
[2017.09.29-20.50.59:274][  0]LogFileCache: Scanning file cache for directory 'C:/Users/elsbeth.larkin/Documents/GitHub/VRacious/WizardSchoolVR/Content/Developers/elsbethlarkin/Collections/' took 0.01s
[2017.09.29-20.50.59:274][  0]LogFileCache: Scanning file cache for directory 'C:/Users/elsbeth.larkin/Documents/GitHub/VRacious/WizardSchoolVR/Content/Collections/' took 0.01s
[2017.09.29-20.50.59:274][  0]LogCollectionManager: Rebuilt the GUID cache for 0 collections in 0.000000 seconds
[2017.09.29-20.50.59:281][  0]LogContentBrowser: Native class hierarchy populated in 0.0066 seconds. Added 2390 classes and 502 folders.
[2017.09.29-20.50.59:323][  0]LogContentBrowser: Native class hierarchy updated for 'WidgetCarousel' in 0.0009 seconds. Added 0 classes and 0 folders.
[2017.09.29-20.50.59:347][  0]LogContentBrowser: Native class hierarchy updated for 'AddContentDialog' in 0.0009 seconds. Added 0 classes and 0 folders.
[2017.09.29-20.50.59:376][  0]LogContentBrowser: Native class hierarchy updated for 'SceneOutliner' in 0.0009 seconds. Added 1 classes and 2 folders.
[2017.09.29-20.50.59:391][  0]LogSlate: Took 0.000126 seconds to synchronously load lazily loaded font '../../../Engine/Content/Slate/Fonts/Roboto-Regular.ttf' (155K)
[2017.09.29-20.50.59:392][  0]LogSlate: Took 0.000139 seconds to synchronously load lazily loaded font '../../../Engine/Content/Slate/Fonts/Roboto-Bold.ttf' (160K)
[2017.09.29-20.50.59:397][  0]LogSlate: Took 0.000114 seconds to synchronously load lazily loaded font '../../../Engine/Content/Editor/Slate/Fonts/FontAwesome.ttf' (139K)
[2017.09.29-20.50.59:497][  0]LogRenderer: Reallocating scene render targets to support 536x1124 Format 26 NumSamples 1 (Frame:1).
[2017.09.29-20.50.59:657][  0]LogContentBrowser: Native class hierarchy updated for 'HierarchicalLODOutliner' in 0.0009 seconds. Added 1 classes and 2 folders.
[2017.09.29-20.50.59:657][  0]LogLoad: (Engine Initialization) Total time: 13.07 seconds
[2017.09.29-20.50.59:657][  0]LogLoad: (Engine Initialization) Total Blueprint compile time: 0.00 seconds
[2017.09.29-20.50.59:657][  0]LogExternalProfiler: No external profilers were discovered.  External profiling features will not be available.
[2017.09.29-20.50.59:666][  0]LogWindowsTextInputMethodSystem: Display: IME system now deactivated.
[2017.09.29-20.50.59:681][  0]LogAssetRegistry: Asset discovery search completed in 8.7086 seconds
[2017.09.29-20.50.59:682][  0]LogCollectionManager: Rebuilt the object cache for 0 collections in 0.000001 seconds (found 0 objects)
[2017.09.29-20.50.59:682][  0]LogCollectionManager: Fixed up redirectors for 0 collections in 0.000031 seconds (updated 0 objects)
[2017.09.29-20.50.59:684][  0]SourceControl: On branch Elsbeth's-Pit-in-Hell
[2017.09.29-20.50.59:684][  0]SourceControl: Your branch is up-to-date with 'origin/Elsbeth's-Pit-in-Hell'.
[2017.09.29-20.50.59:684][  0]SourceControl: Changes not staged for commit:
[2017.09.29-20.50.59:684][  0]SourceControl:   (use "git add <file>..." to update what will be committed)
[2017.09.29-20.50.59:684][  0]SourceControl:   (use "git checkout -- <file>..." to discard changes in working directory)
[2017.09.29-20.50.59:684][  0]SourceControl: 	modified:   WizardSchoolVR/Intermediate/CachedAssetRegistry.bin
[2017.09.29-20.50.59:684][  0]SourceControl: 	modified:   WizardSchoolVR/Saved/Config/Windows/Engine.ini
[2017.09.29-20.50.59:684][  0]SourceControl: 	modified:   WizardSchoolVR/Saved/Logs/WizardSchoolVR.log
[2017.09.29-20.50.59:684][  0]SourceControl: Untracked files:
[2017.09.29-20.50.59:684][  0]SourceControl:   (use "git add <file>..." to include in what will be committed)
[2017.09.29-20.50.59:685][  0]SourceControl: 	WizardSchoolVR/Saved/Config/CrashReportClient/UE4CC-Windows-43DCE58D449DA5C0468E68B04ABA095F/
[2017.09.29-20.50.59:685][  0]SourceControl: 	WizardSchoolVR/Saved/Logs/WizardSchoolVR-backup-2017.09.29-13.50.47.log
[2017.09.29-20.50.59:685][  0]SourceControl: no changes added to commit (use "git add" and/or "git commit -a")
[2017.09.29-20.50.59:685][  0]LogContentStreaming: Texture pool size now 1000 MB
[2017.09.29-20.50.59:716][  0]LogSlate: Took 0.000110 seconds to synchronously load lazily loaded font '../../../Engine/Content/Slate/Fonts/Roboto-Light.ttf' (159K)
[2017.09.29-20.51.02:742][336]LogRenderer: Reallocating scene render targets to support 636x1124 Format 26 NumSamples 1 (Frame:339).
[2017.09.29-20.51.03:386][336]LogRenderer: Reallocating scene render targets to support 960x1124 Format 26 NumSamples 1 (Frame:340).
[2017.09.29-20.51.21:484][506]LogTemp: Repeating last play command: Simulate
[2017.09.29-20.51.21:538][506]LogPlayLevel: PlayLevel: No blueprints needed recompiling
[2017.09.29-20.51.21:538][506]PIE: New page: SIE session: StartupMap (Sep 29, 2017, 6:51:21 AM)
[2017.09.29-20.51.21:538][506]LogPlayLevel: Creating play world package: /Game/VirtualRealityBP/Maps/UEDPIE_0_StartupMap
[2017.09.29-20.51.21:543][506]LogPlayLevel: PIE: StaticDuplicateObject took: (0.004720s)
[2017.09.29-20.51.21:544][506]LogAIModule: Creating AISystem for world StartupMap
[2017.09.29-20.51.21:544][506]LogPlayLevel: PIE: World Init took: (0.000492s)
[2017.09.29-20.51.21:544][506]LogPlayLevel: PIE: Created PIE world by copying editor world from /Game/VirtualRealityBP/Maps/StartupMap.StartupMap to /Game/VirtualRealityBP/Maps/UEDPIE_0_StartupMap.StartupMap (0.005439s)
[2017.09.29-20.51.21:556][506]LogInit: XAudio2 using 'Speakers (Realtek High Definition Audio)' : 2 channels at 48 kHz using 32 bits per sample (channel mask 0x3)
[2017.09.29-20.51.21:563][506]LogInit: FAudioDevice initialized.
[2017.09.29-20.51.21:606][506]LogUObjectGlobals: Warning: Failed to find object 'Class None.'
[2017.09.29-20.51.21:606][506]LogLoad: Game class is 'GameModeBase'
[2017.09.29-20.51.21:608][506]LogWorld: Bringing World /Game/VirtualRealityBP/Maps/UEDPIE_0_StartupMap.StartupMap up for play (max tick rate 0) at 2017.09.29-13.51.21
[2017.09.29-20.51.21:608][506]LogWorld: Bringing up level for play took: 0.001606
[2017.09.29-20.51.21:608][506]LogGameMode: FindPlayerStart: PATHS NOT DEFINED or NO PLAYERSTART with positive rating
[2017.09.29-20.51.21:638][506]LogContentBrowser: Native class hierarchy updated for 'MovieSceneCapture' in 0.0009 seconds. Added 11 classes and 0 folders.
[2017.09.29-20.51.21:639][506]LogScriptCore: Warning: Script Msg: Attempted to set an invalid index on array CorrectFormula [7/6]!
[2017.09.29-20.51.21:639][506]LogBlueprintUserMessages: [TeacherCuldrun_754] SetCorrect
[2017.09.29-20.51.21:639][506]PIE: Play in editor start time for /Game/VirtualRealityBP/Maps/UEDPIE_0_StartupMap 0.962
[2017.09.29-20.51.59:890][ 53]LogContentBrowser: Native class hierarchy updated for 'BlueprintGraph' in 0.0011 seconds. Added 113 classes and 0 folders.
[2017.09.29-20.52.00:330][ 53]LogMaterial: Missing cached shader map for material GridMaterial, compiling. 
[2017.09.29-20.52.00:363][ 53]LogMaterial: Missing cached shader map for material PersonaFloorMat, compiling. 
[2017.09.29-20.52.00:430][ 53]LogSlate: Took 0.001053 seconds to synchronously load lazily loaded font '../../../Engine/Content/Editor/Slate/Fonts/Roboto-BoldCondensed.ttf' (158K)
[2017.09.29-20.52.00:684][ 54]LogSlate: Took 0.000216 seconds to synchronously load lazily loaded font '../../../Engine/Content/Editor/Slate/Fonts/Roboto-Italic.ttf' (157K)
[2017.09.29-20.52.56:431][127]LogBlueprintUserMessages: [StudentCuldrun_C_1] Hit
[2017.09.29-20.54.17:290][613]Cmd: OBJ SAVEPACKAGE PACKAGE="/Game/PotionsStuff/TeacherCuldrun1" FILE="../../../../GitHub/VRacious/WizardSchoolVR/Content/PotionsStuff/TeacherCuldrun1.uasset" SILENT=true
[2017.09.29-20.54.17:369][613]LogSavePackage: Save=77.79ms
[2017.09.29-20.54.17:369][613]LogSavePackage: Moving '../../../../GitHub/VRacious/WizardSchoolVR/Saved/TeacherCuldrun1113CBC564F8426E37ACED99A21A20FE4.tmp' to '../../../../GitHub/VRacious/WizardSchoolVR/Content/PotionsStuff/TeacherCuldrun1.uasset'
[2017.09.29-20.54.17:371][613]LogSavePackage: Display: Finished SavePackage ../../../../GitHub/VRacious/WizardSchoolVR/Content/PotionsStuff/TeacherCuldrun1.uasset
[2017.09.29-20.54.30:013][  2]SourceControl: On branch Elsbeth's-Pit-in-Hell
[2017.09.29-20.54.30:013][  2]SourceControl: Your branch is up-to-date with 'origin/Elsbeth's-Pit-in-Hell'.
[2017.09.29-20.54.30:013][  2]SourceControl: Changes to be committed:
[2017.09.29-20.54.30:013][  2]SourceControl:   (use "git reset HEAD <file>..." to unstage)
[2017.09.29-20.54.30:013][  2]SourceControl: 	new file:   WizardSchoolVR/Content/PotionsStuff/TeacherCuldrun1.uasset
[2017.09.29-20.54.30:013][  2]SourceControl: Changes not staged for commit:
[2017.09.29-20.54.30:013][  2]SourceControl:   (use "git add <file>..." to update what will be committed)
[2017.09.29-20.54.30:013][  2]SourceControl:   (use "git checkout -- <file>..." to discard changes in working directory)
[2017.09.29-20.54.30:013][  2]SourceControl: 	modified:   WizardSchoolVR/Intermediate/AssetRegistryCache/c90e3f55.bin
[2017.09.29-20.54.30:013][  2]SourceControl: 	modified:   WizardSchoolVR/Intermediate/CachedAssetRegistry.bin
[2017.09.29-20.54.30:013][  2]SourceControl: 	modified:   WizardSchoolVR/Saved/Autosaves/PackageRestoreData.json
[2017.09.29-20.54.30:013][  2]SourceControl: 	modified:   WizardSchoolVR/Saved/Config/Windows/EditorPerProjectUserSettings.ini
[2017.09.29-20.54.30:013][  2]SourceControl: 	modified:   WizardSchoolVR/Saved/Config/Windows/Engine.ini
[2017.09.29-20.54.30:013][  2]SourceControl: 	modified:   WizardSchoolVR/Saved/Logs/WizardSchoolVR.log
[2017.09.29-20.54.30:013][  2]SourceControl: Untracked files:
[2017.09.29-20.54.30:013][  2]SourceControl:   (use "git add <file>..." to include in what will be committed)
[2017.09.29-20.54.30:013][  2]SourceControl: 	WizardSchoolVR/Saved/Config/CrashReportClient/UE4CC-Windows-43DCE58D449DA5C0468E68B04ABA095F/
[2017.09.29-20.54.30:013][  2]SourceControl: 	WizardSchoolVR/Saved/Logs/WizardSchoolVR-backup-2017.09.29-13.50.47.log
[2017.09.29-20.54.30:410][  2]LogMetaData: Removing '/Game/PotionsStuff/Culdrun.SKEL_Culdrun_C' ref from Metadata '/Game/PotionsStuff/TeacherCuldrun1.PackageMetaData'
[2017.09.29-20.54.30:411][  2]LogMetaData: Removing '/Game/PotionsStuff/Culdrun.Culdrun_C' ref from Metadata '/Game/PotionsStuff/TeacherCuldrun1.PackageMetaData'
[2017.09.29-20.54.30:427][  2]Cmd: OBJ SAVEPACKAGE PACKAGE="/Game/PotionsStuff/Culdrun" FILE="../../../../GitHub/VRacious/WizardSchoolVR/Content/PotionsStuff/Culdrun.uasset" SILENT=true
[2017.09.29-20.54.30:503][  2]LogSavePackage: Save=74.56ms
[2017.09.29-20.54.30:503][  2]LogSavePackage: Moving '../../../../GitHub/VRacious/WizardSchoolVR/Saved/CuldrunBC98AF4E48B1EC0EE8D9B68B49681AF9.tmp' to '../../../../GitHub/VRacious/WizardSchoolVR/Content/PotionsStuff/Culdrun.uasset'
[2017.09.29-20.54.30:505][  2]LogSavePackage: Display: Finished SavePackage ../../../../GitHub/VRacious/WizardSchoolVR/Content/PotionsStuff/Culdrun.uasset
[2017.09.29-20.54.30:902][  2]LogGarbage: Warning: GC detected illegal reference to PIE object from content [possibly via ObjectProperty /Script/UnrealEd.EditorEngine:PlayWorld]:
[2017.09.29-20.54.30:902][  2]LogGarbage: Warning:       PIE object: World /Game/VirtualRealityBP/Maps/UEDPIE_0_StartupMap.StartupMap
[2017.09.29-20.54.30:902][  2]LogGarbage: Warning:   NON-PIE object: UnrealEdEngine /Engine/Transient.UnrealEdEngine_0
[2017.09.29-20.54.57:831][  2]SourceControl: Error: \nThis repository is configured for Git LFS but 'git-lfs' was not found on your path. If you no longer wish to use Git LFS, remove this hook by deleting .git/hooks/post-checkout.\n
[2017.09.29-20.55.02:527][560]LogGameplayTags: Warning: Invalid GameplayTag Ingredients found while loading property /Game/PotionsStuff/TeacherCuldrun1.TeacherCuldrun1_C:Ing.
[2017.09.29-20.55.34:646][769]LogActorComponent: UnregisterComponent: (/Engine/Transient.EditorFloorComp) Not registered. Aborting.
[2017.09.29-20.55.34:695][769]LogActorComponent: UnregisterComponent: (/Engine/Transient.EditorFloorComp) Not registered. Aborting.
[2017.09.29-20.55.50:308][277]LogSlate: Took 0.000089 seconds to synchronously load lazily loaded font '../../../Engine/Content/Slate/Fonts/Roboto-Light.ttf' (159K)
[2017.09.29-20.56.16:649][277]SourceControl: Error: \nThis repository is configured for Git LFS but 'git-lfs' was not found on your path. If you no longer wish to use Git LFS, remove this hook by deleting .git/hooks/post-checkout.\n
[2017.09.29-20.56.21:717][849]LogTemp: Repeating last play command: Simulate
[2017.09.29-20.56.21:729][849]LogPlayLevel: PlayLevel: No blueprints needed recompiling
[2017.09.29-20.56.21:729][849]PIE: New page: SIE session: StartupMap (Sep 29, 2017, 6:56:21 AM)
[2017.09.29-20.56.21:729][849]LogPlayLevel: Creating play world package: /Game/VirtualRealityBP/Maps/UEDPIE_0_StartupMap
[2017.09.29-20.56.21:733][849]LogPlayLevel: PIE: StaticDuplicateObject took: (0.003729s)
[2017.09.29-20.56.21:733][849]LogAIModule: Creating AISystem for world StartupMap
[2017.09.29-20.56.21:733][849]LogPlayLevel: PIE: World Init took: (0.000523s)
[2017.09.29-20.56.21:733][849]LogPlayLevel: PIE: Created PIE world by copying editor world from /Game/VirtualRealityBP/Maps/StartupMap.StartupMap to /Game/VirtualRealityBP/Maps/UEDPIE_0_StartupMap.StartupMap (0.004461s)
[2017.09.29-20.56.21:752][849]LogInit: XAudio2 using 'Speakers (Realtek High Definition Audio)' : 2 channels at 48 kHz using 32 bits per sample (channel mask 0x3)
[2017.09.29-20.56.21:759][849]LogInit: FAudioDevice initialized.
[2017.09.29-20.56.21:786][849]LogUObjectGlobals: Warning: Failed to find object 'Class None.'
[2017.09.29-20.56.21:786][849]LogLoad: Game class is 'GameModeBase'
[2017.09.29-20.56.21:788][849]LogWorld: Bringing World /Game/VirtualRealityBP/Maps/UEDPIE_0_StartupMap.StartupMap up for play (max tick rate 0) at 2017.09.29-13.56.21
[2017.09.29-20.56.21:788][849]LogWorld: Bringing up level for play took: 0.001458
[2017.09.29-20.56.21:788][849]LogGameMode: FindPlayerStart: PATHS NOT DEFINED or NO PLAYERSTART with positive rating
[2017.09.29-20.56.21:789][849]LogScriptCore: Warning: Script Msg: Attempted to set an invalid index on array CorrectFormula [7/6]!
[2017.09.29-20.56.21:789][849]LogBlueprintUserMessages: [TeacherCuldrun_754] SetCorrect
[2017.09.29-20.56.21:789][849]PIE: Play in editor start time for /Game/VirtualRealityBP/Maps/UEDPIE_0_StartupMap -0.886
[2017.09.29-20.56.23:274][ 25]LogEditorViewport: Clicking on Actor (LMB): TeacherCuldrun_C (TeacherCuldrun)
[2017.09.29-20.56.47:350][408]LogGameplayTags: Warning: Invalid GameplayTag Ingredients found while loading property /Game/PotionsStuff/TeacherCuldrun1.TeacherCuldrun1_C:Ing.
[2017.09.29-20.57.53:910][100]LogEditorTransaction: Undo Delete current selection
[2017.09.29-20.57.53:927][100]LogSlate: Took 0.000165 seconds to synchronously load lazily loaded font '../../../Engine/Content/Slate/Fonts/Roboto-Light.ttf' (159K)
[2017.09.29-20.57.54:233][105]LogEditorTransaction: Undo Delete current selection
[2017.09.29-20.58.35:788][626]SourceControl: Error: \nThis repository is configured for Git LFS but 'git-lfs' was not found on your path. If you no longer wish to use Git LFS, remove this hook by deleting .git/hooks/post-checkout.\n
[2017.09.29-21.01.35:691][188]LogEditorTransaction: Undo Create Reroute Node
[2017.09.29-21.02.20:480][400]LogEditorTransaction: Undo Move Node
[2017.09.29-21.02.20:739][407]LogEditorTransaction: Undo Add Node
[2017.09.29-21.02.21:033][418]LogEditorTransaction: Undo Add Node
[2017.09.29-21.02.27:504][110]LogEditorTransaction: Undo Create Pin Link
[2017.09.29-21.02.31:601][556]Cmd: TRANSACTION UNDO
[2017.09.29-21.02.31:601][556]LogEditorTransaction: Undo Create Reroute Node
[2017.09.29-21.02.48:027][462]Cmd: TRANSACTION UNDO
[2017.09.29-21.02.48:027][462]LogEditorTransaction: Undo Create Reroute Node
[2017.09.29-21.02.57:895][448]Cmd: TRANSACTION UNDO
[2017.09.29-21.02.57:895][448]LogEditorTransaction: Undo Move Node
[2017.09.29-21.02.59:791][595]LogEditorTransaction: Redo Move Node
[2017.09.29-21.04.30:170][757]Cmd: TRANSACTION UNDO
[2017.09.29-21.04.30:170][757]LogEditorTransaction: Undo Create Reroute Node
[2017.09.29-21.08.26:402][543]LogEditorTransaction: Undo Delete current selection
[2017.09.29-21.16.29:411][497]LogEditorTransaction: Undo Move Nodes
[2017.09.29-21.16.49:296][250]LogEditorTransaction: Undo Move Node
[2017.09.29-21.30.18:104][957]LogEditorTransaction: Undo Move Node
[2017.09.29-21.30.27:152][944]LogEditorTransaction: Undo Create Pin Link
[2017.09.29-21.30.27:963][ 28]LogEditorTransaction: Undo Rename Node
[2017.09.29-21.30.28:676][ 79]LogEditorTransaction: Undo Rename Node
[2017.09.29-21.30.29:441][128]LogEditorTransaction: Undo Add Node
[2017.09.29-21.34.56:509][994]LogSavePackage: Save=75.56ms
[2017.09.29-21.34.56:509][994]LogSavePackage: Moving '../../../../GitHub/VRacious/WizardSchoolVR/Saved/StartupMap_Auto199ED199646C5AD5EFC9DFC9C80BB3C9A.tmp' to '../../../../GitHub/VRacious/WizardSchoolVR/Saved/Autosaves/Game/VirtualRealityBP/Maps/StartupMap_Auto1.umap'
[2017.09.29-21.34.56:510][994]LogSavePackage: Display: Finished SavePackage ../../../../GitHub/VRacious/WizardSchoolVR/Saved/Autosaves/Game/VirtualRealityBP/Maps/StartupMap_Auto1.umap
[2017.09.29-21.34.56:511][994]LogFileHelpers: Editor autosave (incl. sublevels) for '/Game/VirtualRealityBP/Maps/StartupMap' took 0.111
[2017.09.29-21.34.56:511][994]LogFileHelpers: Editor autosave (incl. sublevels) for all levels took 0.111
[2017.09.29-21.34.56:512][994]OBJ SavePackage: Generating thumbnails for [1] asset(s) in package [/Game/PotionsStuff/StudentCuldrun] ([1] browsable assets)...
[2017.09.29-21.34.56:522][994]OBJ SavePackage:     Rendered thumbnail for [Blueprint /Game/PotionsStuff/StudentCuldrun.StudentCuldrun]
[2017.09.29-21.34.56:522][994]OBJ SavePackage: Finished generating thumbnails for package [/Game/PotionsStuff/StudentCuldrun]
[2017.09.29-21.34.56:621][994]LogSavePackage: Save=94.61ms
[2017.09.29-21.34.56:621][994]LogSavePackage: Moving '../../../../GitHub/VRacious/WizardSchoolVR/Saved/StudentCuldrun_Auto12D1D92F04EC17EF432F32989EB4498EB.tmp' to '../../../../GitHub/VRacious/WizardSchoolVR/Saved/Autosaves/Game/PotionsStuff/StudentCuldrun_Auto1.uasset'
[2017.09.29-21.34.56:621][994]LogSavePackage: Display: Finished SavePackage ../../../../GitHub/VRacious/WizardSchoolVR/Saved/Autosaves/Game/PotionsStuff/StudentCuldrun_Auto1.uasset
[2017.09.29-21.34.56:622][994]OBJ SavePackage: Generating thumbnails for [1] asset(s) in package [/Game/PotionsStuff/TeacherCuldrun] ([1] browsable assets)...
[2017.09.29-21.34.56:632][994]OBJ SavePackage:     Rendered thumbnail for [Blueprint /Game/PotionsStuff/TeacherCuldrun.TeacherCuldrun]
[2017.09.29-21.34.56:632][994]OBJ SavePackage: Finished generating thumbnails for package [/Game/PotionsStuff/TeacherCuldrun]
[2017.09.29-21.34.56:725][994]LogSavePackage: Save=90.10ms
[2017.09.29-21.34.56:725][994]LogSavePackage: Moving '../../../../GitHub/VRacious/WizardSchoolVR/Saved/TeacherCuldrun_Auto14C0CC16C40C52AFE10666C9B6A274AC8.tmp' to '../../../../GitHub/VRacious/WizardSchoolVR/Saved/Autosaves/Game/PotionsStuff/TeacherCuldrun_Auto1.uasset'
[2017.09.29-21.34.56:726][994]LogSavePackage: Display: Finished SavePackage ../../../../GitHub/VRacious/WizardSchoolVR/Saved/Autosaves/Game/PotionsStuff/TeacherCuldrun_Auto1.uasset
[2017.09.29-21.34.56:726][994]OBJ SavePackage: Generating thumbnails for [1] asset(s) in package [/Game/PotionsStuff/Culdrun] ([1] browsable assets)...
[2017.09.29-21.34.56:740][994]OBJ SavePackage:     Rendered thumbnail for [Blueprint /Game/PotionsStuff/Culdrun.Culdrun]
[2017.09.29-21.34.56:740][994]OBJ SavePackage: Finished generating thumbnails for package [/Game/PotionsStuff/Culdrun]
[2017.09.29-21.34.56:740][994]Cmd: OBJ SAVEPACKAGE PACKAGE="/Game/PotionsStuff/Culdrun" FILE="../../../../GitHub/VRacious/WizardSchoolVR/Saved/Autosaves/Game/PotionsStuff/Culdrun_Auto1.uasset" SILENT=false AUTOSAVING=true
[2017.09.29-21.34.56:813][994]LogSavePackage: Save=71.32ms
[2017.09.29-21.34.56:813][994]LogSavePackage: Moving '../../../../GitHub/VRacious/WizardSchoolVR/Saved/Culdrun_Auto1CB72D3E14AE3B134911976B94A3970DE.tmp' to '../../../../GitHub/VRacious/WizardSchoolVR/Saved/Autosaves/Game/PotionsStuff/Culdrun_Auto1.uasset'
[2017.09.29-21.34.56:814][994]LogSavePackage: Display: Finished SavePackage ../../../../GitHub/VRacious/WizardSchoolVR/Saved/Autosaves/Game/PotionsStuff/Culdrun_Auto1.uasset
[2017.09.29-21.34.56:814][994]LogFileHelpers: Auto-saving content packages took 0.302
[2017.09.29-21.37.54:813][127]LogEditorTransaction: Undo Move Node
[2017.09.29-21.37.55:711][198]LogEditorTransaction: Undo Create Pin Link
[2017.09.29-21.37.56:760][294]LogEditorTransaction: Undo Delete current selection
[2017.09.29-21.37.58:115][422]LogEditorTransaction: Undo Move Node
[2017.09.29-21.37.59:413][525]LogEditorTransaction: Undo Move Node
[2017.09.29-21.39.26:995][ 68]LogEditorTransaction: Undo Move Node
[2017.09.29-21.39.27:312][ 88]LogEditorTransaction: Undo Create Pin Link
[2017.09.29-21.39.27:632][120]LogEditorTransaction: Undo Create Pin Link
[2017.09.29-21.39.27:939][153]LogEditorTransaction: Undo Create Pin Link
[2017.09.29-21.39.28:341][197]LogEditorTransaction: Undo Delete current selection
[2017.09.29-21.42.14:560][451]LogEditorTransaction: Undo Straighten Connection(s)
[2017.09.29-21.47.18:594][204]LogEditorTransaction: Undo Straighten Connection(s)
[2017.09.29-21.47.29:370][362]LogEditorTransaction: Undo Straighten Connection(s)
[2017.09.29-21.48.20:711][368]LogEditorTransaction: Undo Straighten Connection(s)
[2017.09.29-21.48.39:244][314]LogEditorTransaction: Undo Straighten Connection(s)
[2017.09.29-21.50.41:584][ 39]LogSavePackage: Save=74.59ms
[2017.09.29-21.50.41:584][ 39]LogSavePackage: Moving '../../../../GitHub/VRacious/WizardSchoolVR/Saved/StartupMap_Auto21D4F50A8450F8A45FFA8808ADF77B82C.tmp' to '../../../../GitHub/VRacious/WizardSchoolVR/Saved/Autosaves/Game/VirtualRealityBP/Maps/StartupMap_Auto2.umap'
[2017.09.29-21.50.41:586][ 39]LogSavePackage: Display: Finished SavePackage ../../../../GitHub/VRacious/WizardSchoolVR/Saved/Autosaves/Game/VirtualRealityBP/Maps/StartupMap_Auto2.umap
[2017.09.29-21.50.41:587][ 39]LogFileHelpers: Editor autosave (incl. sublevels) for '/Game/VirtualRealityBP/Maps/StartupMap' took 0.107
[2017.09.29-21.50.41:587][ 39]LogFileHelpers: Editor autosave (incl. sublevels) for all levels took 0.107
[2017.09.29-21.50.41:588][ 39]OBJ SavePackage: Generating thumbnails for [0] asset(s) in package [/Game/PotionsStuff/StudentCuldrun] ([1] browsable assets)...
[2017.09.29-21.50.41:588][ 39]OBJ SavePackage: Finished generating thumbnails for package [/Game/PotionsStuff/StudentCuldrun]
[2017.09.29-21.50.41:682][ 39]LogSavePackage: Save=91.00ms
[2017.09.29-21.50.41:682][ 39]LogSavePackage: Moving '../../../../GitHub/VRacious/WizardSchoolVR/Saved/StudentCuldrun_Auto2035F04BC44C38660FA4D62A0D4F67ACA.tmp' to '../../../../GitHub/VRacious/WizardSchoolVR/Saved/Autosaves/Game/PotionsStuff/StudentCuldrun_Auto2.uasset'
[2017.09.29-21.50.41:683][ 39]LogSavePackage: Display: Finished SavePackage ../../../../GitHub/VRacious/WizardSchoolVR/Saved/Autosaves/Game/PotionsStuff/StudentCuldrun_Auto2.uasset
[2017.09.29-21.50.41:683][ 39]OBJ SavePackage: Generating thumbnails for [1] asset(s) in package [/Game/PotionsStuff/TeacherCuldrun] ([1] browsable assets)...
[2017.09.29-21.50.41:693][ 39]OBJ SavePackage:     Rendered thumbnail for [Blueprint /Game/PotionsStuff/TeacherCuldrun.TeacherCuldrun]
[2017.09.29-21.50.41:693][ 39]OBJ SavePackage: Finished generating thumbnails for package [/Game/PotionsStuff/TeacherCuldrun]
[2017.09.29-21.50.41:786][ 39]LogSavePackage: Save=90.11ms
[2017.09.29-21.50.41:786][ 39]LogSavePackage: Moving '../../../../GitHub/VRacious/WizardSchoolVR/Saved/TeacherCuldrun_Auto2066F31ED40938C087E83979BCA228794.tmp' to '../../../../GitHub/VRacious/WizardSchoolVR/Saved/Autosaves/Game/PotionsStuff/TeacherCuldrun_Auto2.uasset'
[2017.09.29-21.50.41:788][ 39]LogSavePackage: Display: Finished SavePackage ../../../../GitHub/VRacious/WizardSchoolVR/Saved/Autosaves/Game/PotionsStuff/TeacherCuldrun_Auto2.uasset
[2017.09.29-21.50.41:788][ 39]LogFileHelpers: Auto-saving content packages took 0.200
[2017.09.29-21.52.35:385][160]LogEditorTransaction: Undo Straighten Connection(s)
[2017.09.29-21.54.11:542][116]LogEditorTransaction: Undo Move Node
[2017.09.29-21.54.38:432][573]LogEditorTransaction: Undo Straighten Connection(s)
[2017.09.29-21.58.32:570][ 24]Cmd: OBJ SAVEPACKAGE PACKAGE="/Game/PotionsStuff/TeacherCuldrun" FILE="../../../../GitHub/VRacious/WizardSchoolVR/Content/PotionsStuff/TeacherCuldrun.uasset" SILENT=true
[2017.09.29-21.58.32:666][ 24]LogSavePackage: Save=91.59ms
[2017.09.29-21.58.32:666][ 24]LogSavePackage: Moving '../../../../GitHub/VRacious/WizardSchoolVR/Saved/TeacherCuldrunD26C8BA24FE672E8318225A6F69A48DC.tmp' to '../../../../GitHub/VRacious/WizardSchoolVR/Content/PotionsStuff/TeacherCuldrun.uasset'
[2017.09.29-21.58.32:668][ 24]LogSavePackage: Display: Finished SavePackage ../../../../GitHub/VRacious/WizardSchoolVR/Content/PotionsStuff/TeacherCuldrun.uasset
[2017.09.29-21.58.36:359][360]LogBlueprintUserMessages: [StudentCuldrun_C_2] Hit
[2017.09.29-21.58.46:778][155]Cmd: OBJ SAVEPACKAGE PACKAGE="/Game/PotionsStuff/Culdrun" FILE="../../../../GitHub/VRacious/WizardSchoolVR/Content/PotionsStuff/Culdrun.uasset" SILENT=true
[2017.09.29-21.58.46:850][155]LogSavePackage: Save=70.43ms
[2017.09.29-21.58.46:850][155]LogSavePackage: Moving '../../../../GitHub/VRacious/WizardSchoolVR/Saved/Culdrun26116A9F4BD0EED9EE699AB6A4BA9A19.tmp' to '../../../../GitHub/VRacious/WizardSchoolVR/Content/PotionsStuff/Culdrun.uasset'
[2017.09.29-21.58.46:852][155]LogSavePackage: Display: Finished SavePackage ../../../../GitHub/VRacious/WizardSchoolVR/Content/PotionsStuff/Culdrun.uasset
[2017.09.29-21.58.47:052][155]Cmd: OBJ SAVEPACKAGE PACKAGE="/Game/PotionsStuff/StudentCuldrun" FILE="../../../../GitHub/VRacious/WizardSchoolVR/Content/PotionsStuff/StudentCuldrun.uasset" SILENT=true
[2017.09.29-21.58.47:148][155]LogSavePackage: Save=91.34ms
[2017.09.29-21.58.47:148][155]LogSavePackage: Moving '../../../../GitHub/VRacious/WizardSchoolVR/Saved/StudentCuldrun5936D7FA4C89DAEE37A7D390A730F21A.tmp' to '../../../../GitHub/VRacious/WizardSchoolVR/Content/PotionsStuff/StudentCuldrun.uasset'
[2017.09.29-21.58.47:150][155]LogSavePackage: Display: Finished SavePackage ../../../../GitHub/VRacious/WizardSchoolVR/Content/PotionsStuff/StudentCuldrun.uasset
[2017.09.29-21.58.47:282][155]LogSavePackage: Save=68.38ms
[2017.09.29-21.58.47:282][155]LogSavePackage: Moving '../../../../GitHub/VRacious/WizardSchoolVR/Saved/StartupMapB35C65594E0799A95094BC8E7B92BC83.tmp' to '../../../../GitHub/VRacious/WizardSchoolVR/Content/VirtualRealityBP/Maps/StartupMap.umap'
[2017.09.29-21.58.47:284][155]LogSavePackage: Display: Finished SavePackage ../../../../GitHub/VRacious/WizardSchoolVR/Content/VirtualRealityBP/Maps/StartupMap.umap
[2017.09.29-21.58.47:297][155]LogFileHelpers: Saving map 'StartupMap' took 0.144
[2017.09.29-21.58.47:331][155]LogWindowsTextInputMethodSystem: Display: IME system now deactivated.
[2017.09.29-21.58.47:586][156]Cmd: QUIT_EDITOR
[2017.09.29-21.58.48:122][156]LogExit: Preparing to exit.
[2017.09.29-21.58.49:380][156]LogDirectoryWatcher: A directory notification for 'C:/Users/elsbeth.larkin/Documents/GitHub/VRacious/WizardSchoolVR/Content/' was aborted.
[2017.09.29-21.58.49:462][156]LogExit: Editor shut down
[2017.09.29-21.58.49:481][156]LogExit: Transaction tracking system shut down
[2017.09.29-21.58.49:687][156]LogDirectoryWatcher: A directory notification for '../../../Engine/Content/' was aborted.
[2017.09.29-21.58.49:687][156]LogDirectoryWatcher: A directory notification for '../../../../GitHub/VRacious/WizardSchoolVR/Content/' was aborted.
[2017.09.29-21.58.49:687][156]LogDirectoryWatcher: A directory notification for '../../../Engine/Plugins/2D/Paper2D/Content/' was aborted.
[2017.09.29-21.58.49:687][156]LogDirectoryWatcher: A directory notification for '../../../Engine/Plugins/Runtime/Oculus/OculusVR/Content/' was aborted.
[2017.09.29-21.58.49:687][156]LogDirectoryWatcher: A directory notification for '../../../Engine/Plugins/Runtime/Steam/SteamVR/Content/' was aborted.
[2017.09.29-21.58.49:883][156]LogExit: Object subsystem successfully closed.
[2017.09.29-21.58.49:903][156]LogD3D11RHI: Shutdown
[2017.09.29-21.58.49:903][156]LogD3D11RHI: CleanupD3DDevice
[2017.09.29-21.58.50:014][156]LogD3D11RHI: ~FD3D11DynamicRHI
[2017.09.29-21.58.50:028][156]LogModuleManager: Shutting down and abandoning module BlueprintGraph (538)
[2017.09.29-21.58.50:028][156]LogModuleManager: Shutting down and abandoning module BlueprintProfiler (536)
[2017.09.29-21.58.50:028][156]LogModuleManager: Shutting down and abandoning module MovieSceneCapture (534)
[2017.09.29-21.58.50:028][156]LogModuleManager: Shutting down and abandoning module HierarchicalLODOutliner (532)
[2017.09.29-21.58.50:028][156]LogModuleManager: Shutting down and abandoning module SceneOutliner (530)
[2017.09.29-21.58.50:028][156]LogModuleManager: Shutting down and abandoning module AddContentDialog (528)
[2017.09.29-21.58.50:028][156]LogDirectoryWatcher: A directory notification for 'C:/Users/elsbeth.larkin/Documents/UE_4.17/FeaturePacks/' was aborted.
[2017.09.29-21.58.50:032][156]LogModuleManager: Shutting down and abandoning module WidgetCarousel (527)
[2017.09.29-21.58.50:032][156]LogModuleManager: Shutting down and abandoning module EditorWidgets (524)
[2017.09.29-21.58.50:032][156]LogModuleManager: Shutting down and abandoning module CollectionManager (522)
[2017.09.29-21.58.50:032][156]LogDirectoryWatcher: A directory notification for 'C:/Users/elsbeth.larkin/Documents/GitHub/VRacious/WizardSchoolVR/Content/Collections/' was aborted.
[2017.09.29-21.58.50:032][156]LogDirectoryWatcher: A directory notification for 'C:/Users/elsbeth.larkin/Documents/GitHub/VRacious/WizardSchoolVR/Content/Developers/elsbethlarkin/Collections/' was aborted.
[2017.09.29-21.58.50:032][156]LogDirectoryWatcher: A directory notification for 'C:/Users/elsbeth.larkin/Documents/GitHub/VRacious/WizardSchoolVR/Saved/Collections/' was aborted.
[2017.09.29-21.58.50:032][156]LogModuleManager: Shutting down and abandoning module StatsViewer (520)
[2017.09.29-21.58.50:032][156]LogModuleManager: Shutting down and abandoning module FoliageEdit (518)
[2017.09.29-21.58.50:032][156]LogModuleManager: Shutting down and abandoning module LandscapeEditor (516)
[2017.09.29-21.58.50:032][156]LogModuleManager: Shutting down and abandoning module MeshPaintMode (514)
[2017.09.29-21.58.50:033][156]LogModuleManager: Shutting down and abandoning module SceneDepthPickerMode (512)
[2017.09.29-21.58.50:033][156]LogModuleManager: Shutting down and abandoning module ActorPickerMode (510)
[2017.09.29-21.58.50:033][156]LogModuleManager: Shutting down and abandoning module GeometryMode (508)
[2017.09.29-21.58.50:033][156]LogModuleManager: Shutting down and abandoning module TextureAlignMode (506)
[2017.09.29-21.58.50:033][156]LogModuleManager: Shutting down and abandoning module BspMode (504)
[2017.09.29-21.58.50:033][156]LogModuleManager: Shutting down and abandoning module PIEPreviewDeviceProfileSelector (502)
[2017.09.29-21.58.50:033][156]LogModuleManager: Shutting down and abandoning module HardwareSurvey (500)
[2017.09.29-21.58.50:033][156]LogModuleManager: Shutting down and abandoning module SequenceRecorderSections (498)
[2017.09.29-21.58.50:033][156]LogModuleManager: Shutting down and abandoning module AutomationWorker (496)
[2017.09.29-21.58.50:033][156]LogModuleManager: Shutting down and abandoning module MatineeToLevelSequence (494)
[2017.09.29-21.58.50:033][156]LogModuleManager: Shutting down and abandoning module LevelSequenceEditor (492)
[2017.09.29-21.58.50:033][156]LogModuleManager: Shutting down and abandoning module PlacementMode (491)
[2017.09.29-21.58.50:033][156]LogModuleManager: Shutting down and abandoning module WmfMediaFactory (488)
[2017.09.29-21.58.50:033][156]LogModuleManager: Shutting down and abandoning module WmfMediaEditor (486)
[2017.09.29-21.58.50:033][156]LogModuleManager: Shutting down and abandoning module AvfMediaFactory (484)
[2017.09.29-21.58.50:033][156]LogModuleManager: Shutting down and abandoning module AvfMediaEditor (482)
[2017.09.29-21.58.50:033][156]LogModuleManager: Shutting down and abandoning module AndroidMediaFactory (480)
[2017.09.29-21.58.50:033][156]LogModuleManager: Shutting down and abandoning module Media (479)
[2017.09.29-21.58.50:033][156]LogModuleManager: Shutting down and abandoning module AndroidMediaEditor (476)
[2017.09.29-21.58.50:033][156]LogModuleManager: Shutting down and abandoning module CharacterAI (474)
[2017.09.29-21.58.50:033][156]LogModuleManager: Shutting down and abandoning module AudioCapture (472)
[2017.09.29-21.58.50:033][156]LogModuleManager: Shutting down and abandoning module SequenceRecorder (471)
[2017.09.29-21.58.50:033][156]LogModuleManager: Shutting down and abandoning module SmartSnapping (468)
[2017.09.29-21.58.50:033][156]LogModuleManager: Shutting down and abandoning module SessionServices (466)
[2017.09.29-21.58.50:033][156]LogModuleManager: Shutting down and abandoning module ViewportSnapping (464)
[2017.09.29-21.58.50:033][156]LogModuleManager: Shutting down and abandoning module ViewportInteraction (462)
[2017.09.29-21.58.50:033][156]LogModuleManager: Shutting down and abandoning module ClothPainter (460)
[2017.09.29-21.58.50:033][156]LogModuleManager: Shutting down and abandoning module LogVisualizer (458)
[2017.09.29-21.58.50:033][156]LogModuleManager: Shutting down and abandoning module IntroTutorials (456)
[2017.09.29-21.58.50:033][156]LogModuleManager: Shutting down and abandoning module GameProjectGeneration (455)
[2017.09.29-21.58.50:033][156]LogModuleManager: Shutting down and abandoning module IOSPlatformEditor (452)
[2017.09.29-21.58.50:033][156]LogModuleManager: Shutting down and abandoning module HTML5PlatformEditor (450)
[2017.09.29-21.58.50:033][156]LogModuleManager: Shutting down and abandoning module AndroidPlatformEditor (448)
[2017.09.29-21.58.50:033][156]LogModuleManager: Shutting down and abandoning module AndroidDeviceDetection (447)
[2017.09.29-21.58.50:321][156]LogModuleManager: Shutting down and abandoning module WindowsPlatformEditor (444)
[2017.09.29-21.58.50:321][156]LogModuleManager: Shutting down and abandoning module IOSRuntimeSettings (442)
[2017.09.29-21.58.50:321][156]LogModuleManager: Shutting down and abandoning module AndroidRuntimeSettings (440)
[2017.09.29-21.58.50:321][156]LogModuleManager: Shutting down and abandoning module InputBindingEditor (438)
[2017.09.29-21.58.50:321][156]LogModuleManager: Shutting down and abandoning module MergeActors (436)
[2017.09.29-21.58.50:321][156]LogModuleManager: Shutting down and abandoning module SizeMap (434)
[2017.09.29-21.58.50:321][156]LogModuleManager: Shutting down and abandoning module TreeMap (432)
[2017.09.29-21.58.50:321][156]LogModuleManager: Shutting down and abandoning module ReferenceViewer (430)
[2017.09.29-21.58.50:321][156]LogModuleManager: Shutting down and abandoning module LocalizationDashboard (428)
[2017.09.29-21.58.50:321][156]LogModuleManager: Shutting down and abandoning module LocalizationService (427)
[2017.09.29-21.58.50:321][156]LogModuleManager: Shutting down and abandoning module HardwareTargeting (424)
[2017.09.29-21.58.50:321][156]LogModuleManager: Shutting down and abandoning module DeviceProfileEditor (422)
[2017.09.29-21.58.50:321][156]LogModuleManager: Shutting down and abandoning module UndoHistory (420)
[2017.09.29-21.58.50:321][156]LogModuleManager: Shutting down and abandoning module XmlParser (418)
[2017.09.29-21.58.50:321][156]LogModuleManager: Shutting down and abandoning module Blutility (416)
[2017.09.29-21.58.50:321][156]LogModuleManager: Shutting down and abandoning module ProjectSettingsViewer (414)
[2017.09.29-21.58.50:322][156]LogModuleManager: Shutting down and abandoning module ProjectTargetPlatformEditor (413)
[2017.09.29-21.58.50:322][156]LogModuleManager: Shutting down and abandoning module EditorSettingsViewer (410)
[2017.09.29-21.58.50:322][156]LogModuleManager: Shutting down and abandoning module SettingsEditor (408)
[2017.09.29-21.58.50:322][156]LogModuleManager: Shutting down and abandoning module ProjectLauncher (406)
[2017.09.29-21.58.50:322][156]LogModuleManager: Shutting down and abandoning module SessionFrontend (404)
[2017.09.29-21.58.50:322][156]LogModuleManager: Shutting down and abandoning module ProfilerClient (402)
[2017.09.29-21.58.50:322][156]LogModuleManager: Shutting down and abandoning module DeviceManager (400)
[2017.09.29-21.58.50:322][156]LogModuleManager: Shutting down and abandoning module TargetDeviceServices (399)
[2017.09.29-21.58.50:373][156]LogModuleManager: Shutting down and abandoning module AutomationController (396)
[2017.09.29-21.58.50:373][156]LogModuleManager: Shutting down and abandoning module AutomationWindow (394)
[2017.09.29-21.58.50:373][156]LogModuleManager: Shutting down and abandoning module Layers (392)
[2017.09.29-21.58.50:373][156]LogModuleManager: Shutting down and abandoning module ComponentVisualizers (390)
[2017.09.29-21.58.50:373][156]LogModuleManager: Shutting down and abandoning module DetailCustomizations (388)
[2017.09.29-21.58.50:373][156]LogModuleManager: Shutting down and abandoning module PackagesDialog (386)
[2017.09.29-21.58.50:373][156]LogModuleManager: Shutting down and abandoning module Persona (384)
[2017.09.29-21.58.50:373][156]LogModuleManager: Shutting down and abandoning module AdvancedPreviewScene (383)
[2017.09.29-21.58.50:373][156]LogModuleManager: Shutting down and abandoning module AnimGraph (381)
[2017.09.29-21.58.50:373][156]LogModuleManager: Shutting down and abandoning module Kismet (378)
[2017.09.29-21.58.50:379][156]LogModuleManager: Shutting down and abandoning module ClassViewer (376)
[2017.09.29-21.58.50:379][156]LogModuleManager: Shutting down and abandoning module Toolbox (374)
[2017.09.29-21.58.50:379][156]LogModuleManager: Shutting down and abandoning module ModuleUI (372)
[2017.09.29-21.58.50:379][156]LogModuleManager: Shutting down and abandoning module MovieSceneTools (370)
[2017.09.29-21.58.50:379][156]LogModuleManager: Shutting down and abandoning module OutputLog (368)
[2017.09.29-21.58.50:379][156]LogModuleManager: Shutting down and abandoning module GammaUI (366)
[2017.09.29-21.58.50:379][156]LogModuleManager: Shutting down and abandoning module Documentation (364)
[2017.09.29-21.58.50:379][156]LogModuleManager: Shutting down and abandoning module MovieSceneTracks (362)
[2017.09.29-21.58.50:380][156]LogModuleManager: Shutting down and abandoning module MovieScene (360)
[2017.09.29-21.58.50:380][156]LogModuleManager: Shutting down and abandoning module Niagara (358)
[2017.09.29-21.58.50:380][156]LogModuleManager: Shutting down and abandoning module NiagaraEditor (357)
[2017.09.29-21.58.50:380][156]LogModuleManager: Shutting down and abandoning module StreamingPauseRendering (354)
[2017.09.29-21.58.50:380][156]LogModuleManager: Shutting down and abandoning module LauncherPlatform (352)
[2017.09.29-21.58.50:380][156]LogModuleManager: Shutting down and abandoning module AnalyticsET (350)
[2017.09.29-21.58.50:380][156]LogModuleManager: Shutting down and abandoning module PortalServices (348)
[2017.09.29-21.58.50:380][156]LogModuleManager: Shutting down and abandoning module PortalRpc (346)
[2017.09.29-21.58.50:380][156]LogModuleManager: Shutting down and abandoning module MessagingRpc (344)
[2017.09.29-21.58.50:380][156]LogModuleManager: Shutting down and abandoning module AIModule (342)
[2017.09.29-21.58.50:380][156]LogModuleManager: Shutting down and abandoning module GameplayDebugger (341)
[2017.09.29-21.58.50:380][156]LogModuleManager: Shutting down and abandoning module AITestSuite (339)
[2017.09.29-21.58.50:380][156]LogModuleManager: Shutting down and abandoning module ProfilerService (336)
[2017.09.29-21.58.50:536][156]LogModuleManager: Shutting down and abandoning module TaskGraph (334)
[2017.09.29-21.58.50:536][156]LogModuleManager: Shutting down and abandoning module SteamVRController (332)
[2017.09.29-21.58.50:537][156]LogModuleManager: Shutting down and abandoning module ProceduralMeshComponentEditor (330)
[2017.09.29-21.58.50:537][156]LogModuleManager: Shutting down and abandoning module ProceduralMeshComponent (328)
[2017.09.29-21.58.50:537][156]LogModuleManager: Shutting down and abandoning module OculusInput (326)
[2017.09.29-21.58.50:537][156]LogModuleManager: Shutting down and abandoning module MobilePatchingUtils (324)
[2017.09.29-21.58.50:537][156]LogModuleManager: Shutting down and abandoning module CustomMeshComponent (322)
[2017.09.29-21.58.50:537][156]LogModuleManager: Shutting down and abandoning module CableComponent (320)
[2017.09.29-21.58.50:537][156]LogModuleManager: Shutting down and abandoning module ArchVisCharacter (318)
[2017.09.29-21.58.50:537][156]LogModuleManager: Shutting down and abandoning module AndroidPermission (316)
[2017.09.29-21.58.50:537][156]LogModuleManager: Shutting down and abandoning module MediaPlayerEditor (312)
[2017.09.29-21.58.50:537][156]LogModuleManager: Shutting down and abandoning module HTML5Networking (310)
[2017.09.29-21.58.50:537][156]LogModuleManager: Shutting down and abandoning module AlembicImporter (308)
[2017.09.29-21.58.50:537][156]LogModuleManager: Shutting down and abandoning module AlembicLibrary (307)
[2017.09.29-21.58.50:537][156]LogModuleManager: Shutting down and abandoning module GeometryCache (306)
[2017.09.29-21.58.50:537][156]LogModuleManager: Shutting down and abandoning module GeometryCacheEd (305)
[2017.09.29-21.58.50:537][156]LogModuleManager: Shutting down and abandoning module SpeedTreeImporter (300)
[2017.09.29-21.58.50:537][156]LogModuleManager: Shutting down and abandoning module PluginBrowser (298)
[2017.09.29-21.58.50:537][156]LogModuleManager: Shutting down and abandoning module MobileLauncherProfileWizard (296)
[2017.09.29-21.58.50:537][156]LogModuleManager: Shutting down and abandoning module VisualStudioSourceCodeAccess (294)
[2017.09.29-21.58.50:537][156]LogModuleManager: Shutting down and abandoning module DesktopPlatform (293)
[2017.09.29-21.58.50:537][156]LogModuleManager: Shutting down and abandoning module UObjectPlugin (290)
[2017.09.29-21.58.50:537][156]LogModuleManager: Shutting down and abandoning module SubversionSourceControl (288)
[2017.09.29-21.58.50:537][156]LogModuleManager: Shutting down and abandoning module PerforceSourceControl (286)
[2017.09.29-21.58.50:538][156]LogModuleManager: Shutting down and abandoning module GitSourceControl (284)
[2017.09.29-21.58.50:538][156]LogModuleManager: Shutting down and abandoning module SourceControl (283)
[2017.09.29-21.58.50:538][156]LogModuleManager: Shutting down and abandoning module LightPropagationVolumeEditor (280)
[2017.09.29-21.58.50:538][156]LogModuleManager: Shutting down and abandoning module PaperTiledImporter (278)
[2017.09.29-21.58.50:538][156]LogModuleManager: Shutting down and abandoning module PaperSpriteSheetImporter (276)
[2017.09.29-21.58.50:538][156]LogModuleManager: Shutting down and abandoning module Paper2DEditor (274)
[2017.09.29-21.58.50:538][156]LogModuleManager: Shutting down and abandoning module MeshPaint (273)
[2017.09.29-21.58.50:538][156]LogModuleManager: Shutting down and abandoning module LevelEditor (271)
[2017.09.29-21.58.50:540][156]LogModuleManager: Shutting down and abandoning module PixelInspectorModule (270)
[2017.09.29-21.58.50:540][156]LogModuleManager: Shutting down and abandoning module MainFrame (268)
[2017.09.29-21.58.50:540][156]LogModuleManager: Shutting down and abandoning module HotReload (267)
[2017.09.29-21.58.50:540][156]LogDirectoryWatcher: A directory notification for 'C:/Users/elsbeth.larkin/Documents/GitHub/VRacious/WizardSchoolVR/Binaries/Win64' was aborted.
[2017.09.29-21.58.50:541][156]LogModuleManager: Shutting down and abandoning module WizardSchoolVR (262)
[2017.09.29-21.58.50:541][156]LogModuleManager: Shutting down and abandoning module RuntimePhysXCooking (260)
[2017.09.29-21.58.50:541][156]LogModuleManager: Shutting down and abandoning module PhysXVehiclesEditor (258)
[2017.09.29-21.58.50:541][156]LogModuleManager: Shutting down and abandoning module PhysXVehicles (256)
[2017.09.29-21.58.50:541][156]LogModuleManager: Shutting down and abandoning module OculusEditor (254)
[2017.09.29-21.58.50:541][156]LogModuleManager: Shutting down and abandoning module LocationServicesBPLibrary (252)
[2017.09.29-21.58.50:541][156]LogModuleManager: Shutting down and abandoning module ImmediatePhysicsEditor (250)
[2017.09.29-21.58.50:541][156]LogModuleManager: Shutting down and abandoning module ImmediatePhysics (248)
[2017.09.29-21.58.50:541][156]LogModuleManager: Shutting down and abandoning module UdpMessaging (246)
[2017.09.29-21.58.50:642][156]LogModuleManager: Shutting down and abandoning module TcpMessaging (244)
[2017.09.29-21.58.50:743][156]LogModuleManager: Shutting down and abandoning module GameplayTagsEditor (242)
[2017.09.29-21.58.50:743][156]LogModuleManager: Shutting down and abandoning module FacialAnimationEditor (240)
[2017.09.29-21.58.50:743][156]LogModuleManager: Shutting down and abandoning module FacialAnimation (238)
[2017.09.29-21.58.50:743][156]LogModuleManager: Shutting down and abandoning module AssetManagerEditor (236)
[2017.09.29-21.58.50:743][156]LogModuleManager: Shutting down and abandoning module GraphEditor (235)
[2017.09.29-21.58.50:744][156]LogModuleManager: Shutting down and abandoning module ContentBrowser (233)
[2017.09.29-21.58.50:754][156]LogModuleManager: Shutting down and abandoning module LightPropagationVolumeRuntime (230)
[2017.09.29-21.58.50:754][156]LogModuleManager: Shutting down and abandoning module Paper2D (228)
[2017.09.29-21.58.50:754][156]LogModuleManager: Shutting down and abandoning module WindowsMoviePlayer (226)
[2017.09.29-21.58.50:754][156]LogModuleManager: Shutting down and abandoning module WmfMedia (224)
[2017.09.29-21.58.50:755][156]LogModuleManager: Shutting down and abandoning module PacketHandler (222)
[2017.09.29-21.58.50:755][156]LogModuleManager: Shutting down and abandoning module ClothingSystemEditor (220)
[2017.09.29-21.58.50:755][156]LogModuleManager: Shutting down and abandoning module ClothingSystemRuntime (218)
[2017.09.29-21.58.50:755][156]LogModuleManager: Shutting down and abandoning module Overlay (216)
[2017.09.29-21.58.50:755][156]LogModuleManager: Shutting down and abandoning module OverlayEditor (215)
[2017.09.29-21.58.50:755][156]LogModuleManager: Shutting down and abandoning module MediaAssets (212)
[2017.09.29-21.58.50:755][156]LogModuleManager: Shutting down and abandoning module VREditor (210)
[2017.09.29-21.58.50:755][156]LogModuleManager: Shutting down and abandoning module StringTableEditor (208)
[2017.09.29-21.58.50:755][156]LogModuleManager: Shutting down and abandoning module GameplayTasksEditor (206)
[2017.09.29-21.58.50:755][156]LogModuleManager: Shutting down and abandoning module BehaviorTreeEditor (204)
[2017.09.29-21.58.50:756][156]LogModuleManager: Shutting down and abandoning module FunctionalTesting (202)
[2017.09.29-21.58.50:756][156]LogModuleManager: Shutting down and abandoning module CollisionAnalyzer (200)
[2017.09.29-21.58.50:756][156]LogModuleManager: Shutting down and abandoning module WorkspaceMenuStructure (199)
[2017.09.29-21.58.50:756][156]LogModuleManager: Shutting down and abandoning module UMG (196)
[2017.09.29-21.58.50:756][156]LogModuleManager: Shutting down and abandoning module UMGEditor (195)
[2017.09.29-21.58.50:756][156]LogModuleManager: Shutting down and abandoning module Sequencer (194)
[2017.09.29-21.58.50:756][156]LogModuleManager: Shutting down and abandoning module MessageLog (191)
[2017.09.29-21.58.50:757][156]LogModuleManager: Shutting down and abandoning module SlateReflector (186)
[2017.09.29-21.58.50:757][156]LogModuleManager: Shutting down and abandoning module Slate (184)
[2017.09.29-21.58.50:757][156]LogModuleManager: Shutting down and abandoning module EditorStyle (182)
[2017.09.29-21.58.50:766][156]LogModuleManager: Shutting down and abandoning module MRMesh (180)
[2017.09.29-21.58.50:766][156]LogModuleManager: Shutting down and abandoning module SourceCodeAccess (178)
[2017.09.29-21.58.50:766][156]LogModuleManager: Shutting down and abandoning module HeadMountedDisplay (176)
[2017.09.29-21.58.50:766][156]LogModuleManager: Shutting down and abandoning module XAudio2 (174)
[2017.09.29-21.58.50:766][156]LogModuleManager: Shutting down and abandoning module Networking (172)
[2017.09.29-21.58.50:766][156]LogModuleManager: Shutting down and abandoning module Core (168)
[2017.09.29-21.58.50:766][156]LogModuleManager: Shutting down and abandoning module KismetCompiler (164)
[2017.09.29-21.58.50:766][156]LogModuleManager: Shutting down and abandoning module LevelSequence (162)
[2017.09.29-21.58.50:766][156]LogModuleManager: Shutting down and abandoning module MeshUtilities (160)
[2017.09.29-21.58.50:766][156]LogModuleManager: Shutting down and abandoning module MeshMergeUtilities (159)
[2017.09.29-21.58.50:766][156]LogModuleManager: Shutting down and abandoning module MeshReductionInterface (158)
[2017.09.29-21.58.50:766][156]LogModuleManager: Shutting down and abandoning module SimplygonSwarm (157)
[2017.09.29-21.58.50:766][156]LogModuleManager: Shutting down and abandoning module SimplygonMeshReduction (155)
[2017.09.29-21.58.50:766][156]LogModuleManager: Shutting down and abandoning module QuadricMeshReduction (153)
[2017.09.29-21.58.50:766][156]LogModuleManager: Shutting down and abandoning module MaterialBaking (149)
[2017.09.29-21.58.50:766][156]LogModuleManager: Shutting down and abandoning module DirectoryWatcher (146)
[2017.09.29-21.58.50:781][156]LogModuleManager: Shutting down and abandoning module DerivedDataCache (144)
[2017.09.29-21.58.50:829][156]LogDerivedDataCache: Shutdown
[2017.09.29-21.58.50:829][156]LogModuleManager: Shutting down and abandoning module TargetPlatform (142)
[2017.09.29-21.58.50:829][156]LogModuleManager: Shutting down and abandoning module VulkanShaderFormat (141)
[2017.09.29-21.58.50:830][156]LogModuleManager: Shutting down and abandoning module ShaderFormatVectorVM (139)
[2017.09.29-21.58.50:830][156]LogModuleManager: Shutting down and abandoning module ShaderFormatOpenGL (137)
[2017.09.29-21.58.50:830][156]LogModuleManager: Shutting down and abandoning module ShaderFormatD3D (135)
[2017.09.29-21.58.50:830][156]LogModuleManager: Shutting down and abandoning module MetalShaderFormat (133)
[2017.09.29-21.58.50:830][156]LogModuleManager: Shutting down and abandoning module TextureFormatUncompressed (131)
[2017.09.29-21.58.50:830][156]LogModuleManager: Shutting down and abandoning module TextureFormatPVR (129)
[2017.09.29-21.58.50:830][156]LogModuleManager: Shutting down and abandoning module TextureFormatDXT (127)
[2017.09.29-21.58.50:830][156]LogModuleManager: Shutting down and abandoning module TextureFormatIntelISPCTexComp (125)
[2017.09.29-21.58.50:830][156]LogModuleManager: Shutting down and abandoning module TextureFormatASTC (123)
[2017.09.29-21.58.50:831][156]LogModuleManager: Shutting down and abandoning module ImageWrapper (122)
[2017.09.29-21.58.50:831][156]LogModuleManager: Shutting down and abandoning module TextureFormatAndroid (119)
[2017.09.29-21.58.50:831][156]LogModuleManager: Shutting down and abandoning module AudioFormatOpus (117)
[2017.09.29-21.58.50:831][156]LogModuleManager: Shutting down and abandoning module AudioFormatOgg (115)
[2017.09.29-21.58.50:831][156]LogModuleManager: Shutting down and abandoning module AudioFormatADPCM (113)
[2017.09.29-21.58.50:831][156]LogModuleManager: Shutting down and abandoning module LinuxTargetPlatform (111)
[2017.09.29-21.58.50:831][156]LogModuleManager: Shutting down and abandoning module LinuxServerTargetPlatform (109)
[2017.09.29-21.58.50:831][156]LogModuleManager: Shutting down and abandoning module LinuxNoEditorTargetPlatform (107)
[2017.09.29-21.58.50:831][156]LogModuleManager: Shutting down and abandoning module LinuxClientTargetPlatform (105)
[2017.09.29-21.58.50:831][156]LogModuleManager: Shutting down and abandoning module TVOSTargetPlatform (103)
[2017.09.29-21.58.50:831][156]LogModuleManager: Shutting down and abandoning module Messaging (101)
[2017.09.29-21.58.50:831][156]LogModuleManager: Shutting down and abandoning module IOSTargetPlatform (99)
[2017.09.29-21.58.50:831][156]LogModuleManager: Shutting down and abandoning module HTML5TargetPlatform (97)
[2017.09.29-21.58.50:832][156]LogModuleManager: Shutting down and abandoning module Android_PVRTCTargetPlatform (95)
[2017.09.29-21.58.50:832][156]LogModuleManager: Shutting down and abandoning module Android_MultiTargetPlatform (93)
[2017.09.29-21.58.50:832][156]LogModuleManager: Shutting down and abandoning module Android_ETC2TargetPlatform (91)
[2017.09.29-21.58.50:832][156]LogModuleManager: Shutting down and abandoning module Android_ETC1TargetPlatform (89)
[2017.09.29-21.58.50:832][156]LogModuleManager: Shutting down and abandoning module Android_DXTTargetPlatform (87)
[2017.09.29-21.58.50:832][156]LogModuleManager: Shutting down and abandoning module Android_ATCTargetPlatform (85)
[2017.09.29-21.58.50:832][156]LogModuleManager: Shutting down and abandoning module Android_ASTCTargetPlatform (83)
[2017.09.29-21.58.50:832][156]LogModuleManager: Shutting down and abandoning module AndroidTargetPlatform (81)
[2017.09.29-21.58.50:832][156]LogModuleManager: Shutting down and abandoning module WindowsTargetPlatform (79)
[2017.09.29-21.58.50:832][156]LogModuleManager: Shutting down and abandoning module WindowsServerTargetPlatform (77)
[2017.09.29-21.58.50:832][156]LogModuleManager: Shutting down and abandoning module WindowsNoEditorTargetPlatform (75)
[2017.09.29-21.58.50:832][156]LogModuleManager: Shutting down and abandoning module WindowsClientTargetPlatform (73)
[2017.09.29-21.58.50:832][156]LogModuleManager: Shutting down and abandoning module MacTargetPlatform (71)
[2017.09.29-21.58.50:832][156]LogModuleManager: Shutting down and abandoning module MacServerTargetPlatform (69)
[2017.09.29-21.58.50:832][156]LogModuleManager: Shutting down and abandoning module MacNoEditorTargetPlatform (67)
[2017.09.29-21.58.50:832][156]LogModuleManager: Shutting down and abandoning module MacClientTargetPlatform (65)
[2017.09.29-21.58.50:832][156]LogModuleManager: Shutting down and abandoning module AllDesktopTargetPlatform (63)
[2017.09.29-21.58.50:832][156]LogModuleManager: Shutting down and abandoning module InputCore (60)
[2017.09.29-21.58.50:833][156]LogModuleManager: Shutting down and abandoning module Settings (58)
[2017.09.29-21.58.50:833][156]LogModuleManager: Shutting down and abandoning module PhysXCooking (56)
[2017.09.29-21.58.50:833][156]LogModuleManager: Shutting down and abandoning module SteamVR (54)
[2017.09.29-21.58.50:833][156]LogModuleManager: Shutting down and abandoning module OculusHMD (52)
[2017.09.29-21.58.50:833][156]LogModuleManager: Shutting down and abandoning module ExampleDeviceProfileSelector (50)
[2017.09.29-21.58.50:833][156]LogModuleManager: Shutting down and abandoning module OnlineBlueprintSupport (48)
[2017.09.29-21.58.50:834][156]LogModuleManager: Shutting down and abandoning module OnlineSubsystem (44)
[2017.09.29-21.58.50:834][156]LogOnline: Display: Unloading online subsystem: NULL
[2017.09.29-21.58.50:834][156]LogModuleManager: Shutting down and abandoning module XMPP (43)
[2017.09.29-21.58.50:834][156]LogModuleManager: Shutting down and abandoning module HTTP (41)
[2017.09.29-21.58.50:834][156]LogHttp: Display: Http module shutting down, but needs to wait on 1 outstanding Http requests:
[2017.09.29-21.58.50:834][156]LogHttp: Display: 	verb=[POST] url=[https://datarouter.ol.epicgames.com/datarouter/api/v1/public/data?SessionID=%7B18F5BEBF-44EE-A98F-1AA2-86BF3B5F6910%7D&AppID=UEEditor.Rocket.Release&AppVersion=4.17.2-3658906%2B%2B%2BUE4%2BRelease-4.17&UserID=9d7f39c04ffb6d6167a99595527e7371%7C64d807d9b33448289d62f8bec5c76ad0%7Cd502dd88-b9c2-46b8-aa34-f75937329476&AppEnvironment=datacollector-binary&UploadType=eteventstream] status=Processing
[2017.09.29-21.58.50:856][156]LogModuleManager: Shutting down and abandoning module SSL (40)
[2017.09.29-21.58.50:862][156]LogModuleManager: Shutting down and abandoning module AnimationModifiers (36)
[2017.09.29-21.58.50:862][156]LogModuleManager: Shutting down and abandoning module PropertyEditor (35)
[2017.09.29-21.58.50:863][156]LogModuleManager: Shutting down and abandoning module AudioEditor (32)
[2017.09.29-21.58.50:863][156]LogModuleManager: Shutting down and abandoning module TextureCompressor (30)
[2017.09.29-21.58.50:863][156]LogModuleManager: Shutting down and abandoning module ShaderCore (28)
[2017.09.29-21.58.50:863][156]LogModuleManager: Shutting down and abandoning module Landscape (26)
[2017.09.29-21.58.50:863][156]LogModuleManager: Shutting down and abandoning module SlateRHIRenderer (24)
[2017.09.29-21.58.50:876][156]LogModuleManager: Shutting down and abandoning module OpenGLDrv (22)
[2017.09.29-21.58.50:876][156]LogModuleManager: Shutting down and abandoning module D3D11RHI (20)
[2017.09.29-21.58.50:876][156]LogModuleManager: Shutting down and abandoning module AnimGraphRuntime (18)
[2017.09.29-21.58.50:876][156]LogModuleManager: Shutting down and abandoning module Renderer (16)
[2017.09.29-21.58.50:876][156]LogModuleManager: Shutting down and abandoning module Engine (14)
[2017.09.29-21.58.50:876][156]LogModuleManager: Shutting down and abandoning module CoreUObject (12)
[2017.09.29-21.58.50:876][156]LogModuleManager: Shutting down and abandoning module NetworkFile (10)
[2017.09.29-21.58.50:876][156]LogModuleManager: Shutting down and abandoning module CookedIterativeFile (8)
[2017.09.29-21.58.50:876][156]LogModuleManager: Shutting down and abandoning module StreamingFile (6)
[2017.09.29-21.58.50:876][156]LogModuleManager: Shutting down and abandoning module SandboxFile (4)
[2017.09.29-21.58.50:876][156]LogModuleManager: Shutting down and abandoning module PakFile (2)
[2017.09.29-21.58.50:883][156]LogExit: Exiting.
[2017.09.29-21.58.50:912][156]Log file closed, 09/29/17 14:58:50
