Log file open, 09/29/17 12:45:03
LogWindows: Failed to load 'aqProf.dll' (GetLastError=126)
LogWindows: File 'aqProf.dll' does not exist
LogWindows: Failed to load 'VSPerf140.dll' (GetLastError=126)
LogWindows: File 'VSPerf140.dll' does not exist
LogWindows: Failed to load 'VtuneApi.dll' (GetLastError=126)
LogWindows: File 'VtuneApi.dll' does not exist
LogWindows: Failed to load 'VtuneApi32e.dll' (GetLastError=126)
LogWindows: File 'VtuneApi32e.dll' does not exist
LogInit: Display: Running engine for game: WizardSchoolVR
LogPlatformFile: Not using cached read wrapper
LogInit: Display: RandInit(1774234168) SRandInit(1774234168).
LogTaskGraph: Started task graph with 5 named threads and 14 total threads with 3 sets of task threads.
LogStats: Stats thread started at 0.146555
LogD3D11RHI: Aftermath initialized
LogPluginManager: Mounting plugin Paper2D
LogPluginManager: Mounting plugin LightPropagationVolume
LogPluginManager: Mounting plugin CodeLiteSourceCodeAccess
LogPluginManager: Mounting plugin GitSourceControl
LogPluginManager: Mounting plugin KDevelopSourceCodeAccess
LogPluginManager: Mounting plugin NullSourceCodeAccess
LogPluginManager: Mounting plugin PerforceSourceControl
LogPluginManager: Mounting plugin SubversionSourceControl
LogPluginManager: Mounting plugin UObjectPlugin
LogPluginManager: Mounting plugin VisualStudioSourceCodeAccess
LogPluginManager: Mounting plugin XCodeSourceCodeAccess
LogPluginManager: Mounting plugin AssetManagerEditor
LogPluginManager: Mounting plugin AudioCapture
LogPluginManager: Mounting plugin FacialAnimation
LogPluginManager: Mounting plugin GameplayTagsEditor
LogPluginManager: Mounting plugin MobileLauncherProfileWizard
LogPluginManager: Mounting plugin PluginBrowser
LogPluginManager: Mounting plugin SpeedTreeImporter
LogPluginManager: Mounting plugin AlembicImporter
LogPluginManager: Mounting plugin CharacterAI
LogPluginManager: Mounting plugin HTML5Networking
LogPluginManager: Mounting plugin AndroidMedia
LogPluginManager: Mounting plugin AvfMedia
LogPluginManager: Mounting plugin MediaPlayerEditor
LogPluginManager: Mounting plugin WmfMedia
LogPluginManager: Mounting plugin TcpMessaging
LogPluginManager: Mounting plugin UdpMessaging
LogPluginManager: Mounting plugin LevelSequenceEditor
LogPluginManager: Mounting plugin MatineeToLevelSequence
LogPluginManager: Mounting plugin OnlineSubsystemGooglePlay
LogPluginManager: Mounting plugin OnlineSubsystemIOS
LogPluginManager: Mounting plugin OnlineSubsystem
LogPluginManager: Mounting plugin OnlineSubsystemNull
LogPluginManager: Mounting plugin OnlineSubsystemUtils
LogPluginManager: Mounting plugin AndroidDeviceProfileSelector
LogPluginManager: Mounting plugin AndroidMoviePlayer
LogPluginManager: Mounting plugin AndroidPermission
LogPluginManager: Mounting plugin AppleMoviePlayer
LogPluginManager: Mounting plugin ArchVisCharacter
LogPluginManager: Mounting plugin CableComponent
LogPluginManager: Mounting plugin CustomMeshComponent
LogPluginManager: Mounting plugin ExampleDeviceProfileSelector
LogPluginManager: Mounting plugin GoogleCloudMessaging
LogPluginManager: Mounting plugin ImmediatePhysics
LogPluginManager: Mounting plugin IOSDeviceProfileSelector
LogPluginManager: Mounting plugin LinuxDeviceProfileSelector
LogPluginManager: Mounting plugin LocationServicesBPLibrary
LogPluginManager: Mounting plugin MobilePatchingUtils
LogPluginManager: Mounting plugin OculusVR
LogPluginManager: Mounting plugin PhysXVehicles
LogPluginManager: Mounting plugin ProceduralMeshComponent
LogPluginManager: Mounting plugin RuntimePhysXCooking
LogPluginManager: Mounting plugin SteamVR
LogPluginManager: Mounting plugin WindowsMoviePlayer
LogPluginManager: Mounting plugin Wwise
LogInit: Warning: Incompatible or missing module: UE4Editor-WizardSchoolVR.dll
Running C:/Users/elsbeth.larkin/Documents/UE_4.17/Engine/Binaries/DotNET/UnrealBuildTool.exe WizardSchoolVR Development Win64 -project="C:/Users/elsbeth.larkin/Documents/GitHub/VRacious/WizardSchoolVR/WizardSchoolVR.uproject" -editorrecompile -progress -NoHotReloadFromIDE
Creating makefile for WizardSchoolVR (no existing makefile)
Messages while compiling C:\Users\elsbeth.larkin\Documents\GitHub\VRacious\WizardSchoolVR\Intermediate\Build\BuildRules\WizardSchoolVRModuleRules.dll:
warning CS1668: Invalid search path 'C:\Program Files (x86)\Microsoft Visual Studio 12.0\VC\LIB\amd64' specified in 'LIB environment variable' -- 'The system cannot find the path specified. '
warning CS1668: Invalid search path 'C:\Program Files (x86)\Microsoft Visual Studio 12.0\VC\ATLMFC\LIB\amd64' specified in 'LIB environment variable' -- 'The system cannot find the path specified. '
Performing full C++ include scan (no include cache file)
@progress push 5%
Parsing headers for WizardSchoolVREditor
  Running UnrealHeaderTool "C:\Users\elsbeth.larkin\Documents\GitHub\VRacious\WizardSchoolVR\WizardSchoolVR.uproject" "C:\Users\elsbeth.larkin\Documents\GitHub\VRacious\WizardSchoolVR\Intermediate\Build\Win64\WizardSchoolVREditor\Development\WizardSchoolVREditor.uhtmanifest" -LogCmds="loginit warning, logexit warning, logdatabase error" -Unattended -WarningsAsErrors -installed
Reflection code generated for WizardSchoolVREditor in 6.2167032 seconds
@progress pop
Performing 26 actions (4 in parallel)
[3/26] Resource ModuleVersionResource.rc.inl
[4/26] Resource PCLaunch.rc
[5/26] Resource PCLaunch.rc
[6/26] Resource PCLaunch.rc
SharedPCH.UnrealEd.cpp
SharedPCH.Engine.cpp
WizardCharacterVR.gen.cpp
WizardSchoolVR.init.gen.cpp
WizardPawn.gen.cpp
Spell.gen.cpp
InteractableItem.gen.cpp
WizardSchoolVR.cpp
Module.AkAudio.gen.cpp
Module.AkAudio.cpp
WizardCharacterVR.cpp
WizardPawn.cpp
Spell.cpp
Module.AudiokineticTools.gen.cpp
Module.AudiokineticTools.cpp
InteractableItem.cpp
[21/26] Link UE4Editor-WizardSchoolVR.dll
   Creating library C:\Users\elsbeth.larkin\Documents\GitHub\VRacious\WizardSchoolVR\Intermediate\Build\Win64\UE4Editor\Development\UE4Editor-WizardSchoolVR.suppressed.lib and object C:\Users\elsbeth.larkin\Documents\GitHub\VRacious\WizardSchoolVR\Intermediate\Build\Win64\UE4Editor\Development\UE4Editor-WizardSchoolVR.suppressed.exp
[22/26] Link UE4Editor-WizardSchoolVR.lib
   Creating library C:\Users\elsbeth.larkin\Documents\GitHub\VRacious\WizardSchoolVR\Intermediate\Build\Win64\UE4Editor\Development\UE4Editor-WizardSchoolVR.lib and object C:\Users\elsbeth.larkin\Documents\GitHub\VRacious\WizardSchoolVR\Intermediate\Build\Win64\UE4Editor\Development\UE4Editor-WizardSchoolVR.exp
[23/26] Link UE4Editor-AudiokineticTools.lib
   Creating library C:\Users\elsbeth.larkin\Documents\GitHub\VRacious\WizardSchoolVR\Plugins\Wwise\Intermediate\Build\Win64\UE4Editor\Development\UE4Editor-AudiokineticTools.lib and object C:\Users\elsbeth.larkin\Documents\GitHub\VRacious\WizardSchoolVR\Plugins\Wwise\Intermediate\Build\Win64\UE4Editor\Development\UE4Editor-AudiokineticTools.exp
[24/26] Link UE4Editor-AkAudio.lib
[25/26] Link UE4Editor-AkAudio.dll
   Creating library C:\Users\elsbeth.larkin\Documents\GitHub\VRacious\WizardSchoolVR\Plugins\Wwise\Intermediate\Build\Win64\UE4Editor\Development\UE4Editor-AkAudio.lib and object C:\Users\elsbeth.larkin\Documents\GitHub\VRacious\WizardSchoolVR\Plugins\Wwise\Intermediate\Build\Win64\UE4Editor\Development\UE4Editor-AkAudio.exp
LINK : fatal error LNK1181: cannot open input file 'AkSoundEngine.lib'
[26/26] Link UE4Editor-AudiokineticTools.dll
LINK : fatal error LNK1181: cannot open input file 'AkSoundEngine.lib'
ERROR: UBT ERROR: Failed to produce item: C:\Users\elsbeth.larkin\Documents\GitHub\VRacious\WizardSchoolVR\Plugins\Wwise\Binaries\Win64\UE4Editor-AudiokineticTools.dll
Total build time: 58.02 seconds (Local executor: 0.00 seconds)
LogInit: Warning: Still incompatible or missing module: UE4Editor-AkAudio.dll
LogInit: Warning: Still incompatible or missing module: UE4Editor-AudiokineticTools.dll
LogExit: Preparing to exit.
LogModuleManager: Shutting down and abandoning module DesktopPlatform (38)
LogModuleManager: Shutting down and abandoning module AnimationModifiers (36)
LogModuleManager: Shutting down and abandoning module PropertyEditor (35)
LogModuleManager: Shutting down and abandoning module AudioEditor (32)
LogModuleManager: Shutting down and abandoning module TextureCompressor (30)
LogModuleManager: Shutting down and abandoning module ShaderCore (28)
LogModuleManager: Shutting down and abandoning module Landscape (26)
LogModuleManager: Shutting down and abandoning module SlateRHIRenderer (24)
LogModuleManager: Shutting down and abandoning module OpenGLDrv (22)
LogModuleManager: Shutting down and abandoning module D3D11RHI (20)
LogModuleManager: Shutting down and abandoning module AnimGraphRuntime (18)
LogModuleManager: Shutting down and abandoning module Renderer (16)
LogModuleManager: Shutting down and abandoning module Engine (14)
LogModuleManager: Shutting down and abandoning module CoreUObject (12)
LogModuleManager: Shutting down and abandoning module NetworkFile (10)
LogModuleManager: Shutting down and abandoning module CookedIterativeFile (8)
LogModuleManager: Shutting down and abandoning module StreamingFile (6)
LogModuleManager: Shutting down and abandoning module SandboxFile (4)
LogModuleManager: Shutting down and abandoning module PakFile (2)
LogExit: Exiting.
Log file closed, 09/29/17 12:46:06
