Log file open, 09/29/17 18:21:24
LogWindows: Failed to load 'aqProf.dll' (GetLastError=126)
LogWindows: File 'aqProf.dll' does not exist
LogWindows: Failed to load 'VSPerf140.dll' (GetLastError=126)
LogWindows: File 'VSPerf140.dll' does not exist
LogWindows: Failed to load 'VtuneApi.dll' (GetLastError=126)
LogWindows: File 'VtuneApi.dll' does not exist
LogWindows: Failed to load 'VtuneApi32e.dll' (GetLastError=126)
LogWindows: File 'VtuneApi32e.dll' does not exist
LogInit: Display: Running engine for game: WizardSchoolVR
LogPlatformFile: Not using cached read wrapper
LogInit: Display: RandInit(-840779860) SRandInit(-840779860).
LogTaskGraph: Started task graph with 5 named threads and 14 total threads with 3 sets of task threads.
LogStats: Stats thread started at 0.148573
LogD3D11RHI: Aftermath initialized
LogPluginManager: Mounting plugin Paper2D
LogPluginManager: Mounting plugin LightPropagationVolume
LogPluginManager: Mounting plugin CodeLiteSourceCodeAccess
LogPluginManager: Mounting plugin GitSourceControl
LogPluginManager: Mounting plugin KDevelopSourceCodeAccess
LogPluginManager: Mounting plugin NullSourceCodeAccess
LogPluginManager: Mounting plugin PerforceSourceControl
LogPluginManager: Mounting plugin SubversionSourceControl
LogPluginManager: Mounting plugin UObjectPlugin
LogPluginManager: Mounting plugin VisualStudioSourceCodeAccess
LogPluginManager: Mounting plugin XCodeSourceCodeAccess
LogPluginManager: Mounting plugin AssetManagerEditor
LogPluginManager: Mounting plugin AudioCapture
LogPluginManager: Mounting plugin FacialAnimation
LogPluginManager: Mounting plugin GameplayTagsEditor
LogPluginManager: Mounting plugin MobileLauncherProfileWizard
LogPluginManager: Mounting plugin PluginBrowser
LogPluginManager: Mounting plugin SpeedTreeImporter
LogPluginManager: Mounting plugin AlembicImporter
LogPluginManager: Mounting plugin CharacterAI
LogPluginManager: Mounting plugin HTML5Networking
LogPluginManager: Mounting plugin AndroidMedia
LogPluginManager: Mounting plugin AvfMedia
LogPluginManager: Mounting plugin MediaPlayerEditor
LogPluginManager: Mounting plugin WmfMedia
LogPluginManager: Mounting plugin TcpMessaging
LogPluginManager: Mounting plugin UdpMessaging
LogPluginManager: Mounting plugin LevelSequenceEditor
LogPluginManager: Mounting plugin MatineeToLevelSequence
LogPluginManager: Mounting plugin OnlineSubsystemGooglePlay
LogPluginManager: Mounting plugin OnlineSubsystemIOS
LogPluginManager: Mounting plugin OnlineSubsystem
LogPluginManager: Mounting plugin OnlineSubsystemNull
LogPluginManager: Mounting plugin OnlineSubsystemUtils
LogPluginManager: Mounting plugin AndroidDeviceProfileSelector
LogPluginManager: Mounting plugin AndroidMoviePlayer
LogPluginManager: Mounting plugin AndroidPermission
LogPluginManager: Mounting plugin AppleMoviePlayer
LogPluginManager: Mounting plugin ArchVisCharacter
LogPluginManager: Mounting plugin CableComponent
LogPluginManager: Mounting plugin CustomMeshComponent
LogPluginManager: Mounting plugin ExampleDeviceProfileSelector
LogPluginManager: Mounting plugin GoogleCloudMessaging
LogPluginManager: Mounting plugin ImmediatePhysics
LogPluginManager: Mounting plugin IOSDeviceProfileSelector
LogPluginManager: Mounting plugin LinuxDeviceProfileSelector
LogPluginManager: Mounting plugin LocationServicesBPLibrary
LogPluginManager: Mounting plugin MobilePatchingUtils
LogPluginManager: Mounting plugin OculusVR
LogPluginManager: Mounting plugin PhysXVehicles
LogPluginManager: Mounting plugin ProceduralMeshComponent
LogPluginManager: Mounting plugin RuntimePhysXCooking
LogPluginManager: Mounting plugin SteamVR
LogPluginManager: Mounting plugin WindowsMoviePlayer
LogInit: Using libcurl 7.47.1
LogInit:  - built for x86_64-pc-win32
LogInit:  - supports SSL with OpenSSL/1.0.2g
LogInit:  - supports HTTP deflate (compression) using libz 1.2.8
LogInit:  - other features:
LogInit:      CURL_VERSION_SSL
LogInit:      CURL_VERSION_LIBZ
LogInit:      CURL_VERSION_IPV6
LogInit:      CURL_VERSION_ASYNCHDNS
LogInit:      CURL_VERSION_LARGEFILE
LogInit:      CURL_VERSION_IDN
LogInit:  CurlRequestOptions (configurable via config and command line):
LogInit:  - bVerifyPeer = false  - Libcurl will NOT verify peer certificate
LogInit:  - bUseHttpProxy = false  - Libcurl will NOT use HTTP proxy
LogInit:  - bDontReuseConnections = false  - Libcurl will reuse connections
LogInit:  - CertBundlePath = nullptr  - Libcurl will use whatever was configured at build time.
LogInit: Build: ++UE4+Release-4.17-CL-3658906
LogInit: Engine Version: 4.17.2-3658906+++UE4+Release-4.17
LogInit: Compatible Engine Version: 4.17.0-3573198+++UE4+Release-4.17
LogInit: Net CL: 3573198
LogDevObjectVersion: Number of dev versions registered: 16
LogDevObjectVersion:   Dev-Blueprints (B0D832E4-1F89-4F0D-ACCF-7EB736FD4AA2): 10
LogDevObjectVersion:   Dev-Build (E1C64328-A22C-4D53-A36C-8E866417BD8C): 0
LogDevObjectVersion:   Dev-Core (375EC13C-06E4-48FB-B500-84F0262A717E): 2
LogDevObjectVersion:   Dev-Editor (E4B068ED-F494-42E9-A231-DA0B2E46BB41): 20
LogDevObjectVersion:   Dev-Framework (CFFC743F-43B0-4480-9391-14DF171D2073): 28
LogDevObjectVersion:   Dev-Mobile (B02B49B5-BB20-44E9-A304-32B752E40360): 0
LogDevObjectVersion:   Dev-Networking (A4E4105C-59A1-49B5-A7C5-40C4547EDFEE): 0
LogDevObjectVersion:   Dev-Online (39C831C9-5AE6-47DC-9A44-9C173E1C8E7C): 0
LogDevObjectVersion:   Dev-Physics (78F01B33-EBEA-4F98-B9B4-84EACCB95AA2): 0
LogDevObjectVersion:   Dev-Platform (6631380F-2D4D-43E0-8009-CF276956A95A): 0
LogDevObjectVersion:   Dev-Rendering (12F88B9F-8875-4AFC-A67C-D90C383ABD29): 19
LogDevObjectVersion:   Dev-Sequencer (7B5AE74C-D270-4C10-A958-57980B212A5A): 4
LogDevObjectVersion:   Dev-VR (D7296918-1DD6-4BDD-9DE2-64A83CC13884): 0
LogDevObjectVersion:   Dev-LoadTimes (C2A15278-BFE7-4AFE-6C17-90FF531DF755): 1
LogDevObjectVersion:   Private-Geometry (6EACA3D4-40EC-4CC1-B786-8BED09428FC5): 1
LogDevObjectVersion:   Dev-AnimPhys (29E575DD-E0A3-4627-9D10-D276232CDCEA): 7
LogInit: Compiled (64-bit): Sep 22 2017 13:47:16
LogInit: Compiled with Visual C++: 19.00.24215.01
LogInit: Build Configuration: Development
LogInit: Branch Name: ++UE4+Release-4.17
LogInit: Command line:  
LogInit: Base directory: C:/Users/elsbeth.larkin/Documents/UE_4.17/Engine/Binaries/Win64/
LogInit: Installed Engine Build: 1
LogInit: Presizing for max 8388607 objects, including 0 objects not considered by GC, pre-allocating 0 bytes for permanent pool.
LogInit: Object subsystem initialized
[2017.09.30-01.21.25:227][  0]LogInit: Selected Device Profile: [Windows]
[2017.09.30-01.21.25:227][  0]LogInit: Applying CVar settings loaded from the selected device profile: [Windows]
[2017.09.30-01.21.25:234][  0]LogInit: Computer: DIT2864US
[2017.09.30-01.21.25:234][  0]LogInit: User: elsbethlarkin
[2017.09.30-01.21.25:234][  0]LogInit: CPU Page size=4096, Cores=4
[2017.09.30-01.21.25:234][  0]LogInit: High frequency timer resolution =3.914066 MHz
[2017.09.30-01.21.25:234][  0]LogMemory: Memory total: Physical=15.9GB (16GB approx)
[2017.09.30-01.21.25:234][  0]LogMemory: Platform Memory Stats for Windows
[2017.09.30-01.21.25:234][  0]LogMemory: Process Physical Memory: 278.94 MB used, 278.94 MB peak
[2017.09.30-01.21.25:234][  0]LogMemory: Process Virtual Memory: 282.22 MB used, 282.22 MB peak
[2017.09.30-01.21.25:234][  0]LogMemory: Physical Memory: 8330.07 MB used,  7969.09 MB free, 16299.16 MB total
[2017.09.30-01.21.25:234][  0]LogMemory: Virtual Memory: 676.79 MB used,  7969.09 MB free, 134217728.00 MB total
[2017.09.30-01.21.25:345][  0]LogInit: Using OS detected language (en-US).
[2017.09.30-01.21.25:345][  0]LogInit: Using OS detected locale (en-US).
[2017.09.30-01.21.25:347][  0]LogTextLocalizationManager: No specific localization for 'en-US' exists, so the 'en' localization will be used.
[2017.09.30-01.21.25:850][  0]LogD3D11RHI: D3D11 adapters:
[2017.09.30-01.21.25:885][  0]LogD3D11RHI:    0. 'NVIDIA GeForce GTX 960' (Feature Level 11_0)
[2017.09.30-01.21.25:885][  0]LogD3D11RHI:       4062/0/8149 MB DedicatedVideo/DedicatedSystem/SharedSystem, Outputs:2, VendorId:0x10de
[2017.09.30-01.21.25:886][  0]LogD3D11RHI:    1. 'Microsoft Basic Render Driver' (Feature Level 11_0)
[2017.09.30-01.21.25:886][  0]LogD3D11RHI:       0/0/8149 MB DedicatedVideo/DedicatedSystem/SharedSystem, Outputs:0, VendorId:0x1414
[2017.09.30-01.21.25:886][  0]LogD3D11RHI: Chosen D3D11 Adapter: 0
[2017.09.30-01.21.25:890][  0]LogD3D11RHI: Creating new Direct3DDevice
[2017.09.30-01.21.25:890][  0]LogD3D11RHI:     GPU DeviceId: 0x1401 (for the marketing name, search the web for "GPU Device Id")
[2017.09.30-01.21.25:890][  0]LogWindows: EnumDisplayDevices:
[2017.09.30-01.21.25:890][  0]LogWindows:    0. 'NVIDIA GeForce GTX 960' (P:0 D:1)
[2017.09.30-01.21.25:890][  0]LogWindows:    1. 'NVIDIA GeForce GTX 960' (P:1 D:1)
[2017.09.30-01.21.25:890][  0]LogWindows:    2. 'NVIDIA GeForce GTX 960' (P:0 D:0)
[2017.09.30-01.21.25:890][  0]LogWindows:    3. 'NVIDIA GeForce GTX 960' (P:0 D:0)
[2017.09.30-01.21.25:890][  0]LogWindows: DebugString: FoundDriverCount:4 
[2017.09.30-01.21.25:890][  0]LogD3D11RHI:     Adapter Name: NVIDIA GeForce GTX 960
[2017.09.30-01.21.25:890][  0]LogD3D11RHI:   Driver Version: 384.94 (internal:22.21.13.8494, unified:384.94)
[2017.09.30-01.21.25:890][  0]LogD3D11RHI:      Driver Date: 7-18-2017
[2017.09.30-01.21.25:890][  0]LogRHI: Texture pool is 1361 MB (70% of 1945 MB)
[2017.09.30-01.21.25:913][  0]LogD3D11RHI: Async texture creation enabled
[2017.09.30-01.21.25:928][  0]LogD3D11RHI: GPU Timing Frequency: 1000.000000 (Debug: 2 2)
[2017.09.30-01.21.26:018][  0]LogShaderCompilers: Guid format shader working directory is 13 characters bigger than the processId version (../../../../GitHub/VRacious/WizardSchoolVR/Intermediate/Shaders/WorkingDirectory/8848/).
[2017.09.30-01.21.26:018][  0]LogShaderCompilers: Cleaned the shader compiler working directory 'C:/Users/elsbeth.larkin/AppData/Local/Temp/UnrealShaderWorkingDir/0867ABAD4AA58BBCE4F9509491CF4D9C/'.
[2017.09.30-01.21.26:018][  0]LogShaderCompilers: Display: Using Local Shader Compiler.
[2017.09.30-01.21.26:709][  0]LogTemp: Display: Loaded TP AllDesktopTargetPlatform
[2017.09.30-01.21.26:748][  0]LogTemp: Display: Loaded TP MacClientTargetPlatform
[2017.09.30-01.21.26:784][  0]LogTemp: Display: Loaded TP MacNoEditorTargetPlatform
[2017.09.30-01.21.26:822][  0]LogTemp: Display: Loaded TP MacServerTargetPlatform
[2017.09.30-01.21.26:859][  0]LogTemp: Display: Loaded TP MacTargetPlatform
[2017.09.30-01.21.26:898][  0]LogTemp: Display: Loaded TP WindowsClientTargetPlatform
[2017.09.30-01.21.26:936][  0]LogTemp: Display: Loaded TP WindowsNoEditorTargetPlatform
[2017.09.30-01.21.26:974][  0]LogTemp: Display: Loaded TP WindowsServerTargetPlatform
[2017.09.30-01.21.27:008][  0]LogTemp: Display: Loaded TP WindowsTargetPlatform
[2017.09.30-01.21.27:047][  0]LogTemp: Display: Loaded TP AndroidTargetPlatform
[2017.09.30-01.21.27:084][  0]LogTemp: Display: Loaded TP Android_ASTCTargetPlatform
[2017.09.30-01.21.27:120][  0]LogTemp: Display: Loaded TP Android_ATCTargetPlatform
[2017.09.30-01.21.27:159][  0]LogTemp: Display: Loaded TP Android_DXTTargetPlatform
[2017.09.30-01.21.27:199][  0]LogTemp: Display: Loaded TP Android_ETC1TargetPlatform
[2017.09.30-01.21.27:236][  0]LogTemp: Display: Loaded TP Android_ETC2TargetPlatform
[2017.09.30-01.21.27:314][  0]LogTemp: Display: Loaded TP Android_MultiTargetPlatform
[2017.09.30-01.21.27:314][  0]LogTemp: Display: Loaded TP Android_PVRTCTargetPlatform
[2017.09.30-01.21.27:342][  0]LogTemp: Display: Loaded TP HTML5TargetPlatform
[2017.09.30-01.21.27:419][  0]LogTemp: Display: Loaded TP IOSTargetPlatform
[2017.09.30-01.21.27:441][  0]LogTemp: Display: Loaded TP TVOSTargetPlatform
[2017.09.30-01.21.27:479][  0]LogTemp: Display: Loaded TP LinuxClientTargetPlatform
[2017.09.30-01.21.27:516][  0]LogTemp: Display: Loaded TP LinuxNoEditorTargetPlatform
[2017.09.30-01.21.27:553][  0]LogTemp: Display: Loaded TP LinuxServerTargetPlatform
[2017.09.30-01.21.27:591][  0]LogTemp: Display: Loaded TP LinuxTargetPlatform
[2017.09.30-01.21.27:591][  0]LogTargetPlatformManager: Display: Building Assets For Windows
[2017.09.30-01.21.27:954][  0]LogDerivedDataCache: Display: Max Cache Size: 512 MB
[2017.09.30-01.21.28:023][  0]LogDerivedDataCache: Loaded boot cache 0.07s 93MB C:/Users/elsbeth.larkin/AppData/Local/UnrealEngine/4.17/DerivedDataCache/Boot.ddc.
[2017.09.30-01.21.28:023][  0]LogDerivedDataCache: Display: Loaded Boot cache: C:/Users/elsbeth.larkin/AppData/Local/UnrealEngine/4.17/DerivedDataCache/Boot.ddc
[2017.09.30-01.21.28:023][  0]LogDerivedDataCache: FDerivedDataBackendGraph:  Pak pak cache file ../../../../GitHub/VRacious/WizardSchoolVR/DerivedDataCache/DDC.ddp not found, will not use a pak cache.
[2017.09.30-01.21.28:023][  0]LogDerivedDataCache: Unable to find inner node Pak for hierarchical cache Hierarchy.
[2017.09.30-01.21.28:023][  0]LogDerivedDataCache: FDerivedDataBackendGraph:  CompressedPak pak cache file ../../../../GitHub/VRacious/WizardSchoolVR/DerivedDataCache/Compressed.ddp not found, will not use a pak cache.
[2017.09.30-01.21.28:023][  0]LogDerivedDataCache: Unable to find inner node CompressedPak for hierarchical cache Hierarchy.
[2017.09.30-01.21.28:035][  0]LogDerivedDataCache: Display: Pak cache opened for reading ../../../Engine/DerivedDataCache/Compressed.ddp.
[2017.09.30-01.21.28:047][  0]LogDerivedDataCache: Using Local data cache path C:/Users/elsbeth.larkin/AppData/Local/UnrealEngine/Common/DerivedDataCache: Writable
[2017.09.30-01.21.28:061][  0]LogMaterial: Verifying Global Shaders for PCD3D_SM5
[2017.09.30-01.21.28:061][  0]LogSlate: Using Freetype 2.6.0
[2017.09.30-01.21.28:061][  0]LogSlate: SlateFontCache - WITH_FREETYPE: 1, WITH_HARFBUZZ: 1
[2017.09.30-01.21.28:061][  0]LogSlate: SlateFontCache - WITH_FREETYPE: 1, WITH_HARFBUZZ: 1
[2017.09.30-01.21.28:253][  0]LogAssetRegistry: FAssetRegistry took 0.0242 seconds to start up
[2017.09.30-01.21.28:339][  0]LogInit: Selected Device Profile: [Windows]
[2017.09.30-01.21.28:434][  0]LogContentStreaming: Texture pool size is 0.00 MB
[2017.09.30-01.21.28:664][  0]LogSimplygon: Simplygon DLL not present - disabling.
[2017.09.30-01.21.28:694][  0]LogMeshReduction: Using SimplygonSwarm for distributed automatic mesh merging
[2017.09.30-01.21.28:694][  0]LogMeshReduction: Using QuadricMeshReduction for automatic static mesh reduction
[2017.09.30-01.21.28:694][  0]LogMeshReduction: No automatic skeletal mesh reduction module available
[2017.09.30-01.21.28:694][  0]LogMeshReduction: No automatic mesh merging module available
[2017.09.30-01.21.28:694][  0]LogMeshMerging: No automatic mesh merging module available
[2017.09.30-01.21.28:947][  0]LogNetVersion: WizardSchoolVR , NetCL: 3573198, EngineNetVer: 2, GameNetVer: 0 (Checksum: 1273405168)
[2017.09.30-01.21.29:105][  0]LogPackageLocalizationCache: Processed 5 localized package path(s) for 2 prioritized culture(s) in 0.039764 seconds
[2017.09.30-01.21.29:110][  0]LogUObjectArray: 35825 objects as part of root set at end of initial load.
[2017.09.30-01.21.29:110][  0]LogUObjectAllocator: 7529112 out of 0 bytes used by permanent object pool.
[2017.09.30-01.21.29:110][  0]LogUObjectArray: CloseDisregardForGC: 0/0 objects in disregard for GC pool
[2017.09.30-01.21.29:160][  0]LogInit: WinSock: version 1.1 (2.2), MaxSocks=32767, MaxUdp=65467
[2017.09.30-01.21.31:040][  0]LogTcpMessaging: Initializing TcpMessaging bridge
[2017.09.30-01.21.31:071][  0]LogUdpMessaging: Initializing bridge on interface 0.0.0.0:0 to multicast group 230.0.0.1:6666.
[2017.09.30-01.21.31:583][  0]LogMaterial: Uniform references updated for custom material expression Custom.
[2017.09.30-01.21.31:884][  0]SourceControl: Source control is disabled
[2017.09.30-01.21.33:081][  0]LogAndroidPermission: UAndroidPermissionCallbackProxy::GetInstance
[2017.09.30-01.21.33:254][  0]LogOcInput: OculusInput pre-init called
[2017.09.30-01.21.33:442][  0]LogEngine: Initializing Engine...
[2017.09.30-01.21.33:443][  0]LogHMD: Failed to initialize OpenVR with code 110
[2017.09.30-01.21.33:614][  0]LogStats: UGameplayTagsManager::ConstructGameplayTagTree: Construct from data asset -  0.000 s
[2017.09.30-01.21.33:614][  0]LogStats: UGameplayTagsManager::ConstructGameplayTagTree: GameplayTagTreeChangedEvent.Broadcast -  0.000 s
[2017.09.30-01.21.33:705][  0]LogAIModule: Creating AISystem for world Untitled
[2017.09.30-01.21.33:714][  0]LogInit: XAudio2 using 'Speakers (Realtek High Definition Audio)' : 2 channels at 48 kHz using 32 bits per sample (channel mask 0x3)
[2017.09.30-01.21.33:723][  0]LogInit: FAudioDevice initialized.
[2017.09.30-01.21.33:794][  0]LogDerivedDataCache: Saved boot cache 0.07s 106MB C:/Users/elsbeth.larkin/AppData/Local/UnrealEngine/4.17/DerivedDataCache/Boot.ddc.
[2017.09.30-01.21.33:992][  0]LogInit: Texture streaming: Enabled
[2017.09.30-01.21.34:084][  0]LogEngineSessionManager: EngineSessionManager initialized
[2017.09.30-01.21.34:241][  0]LogInit: Transaction tracking system initialized
[2017.09.30-01.21.34:469][  0]BlueprintLog: New page: Editor Load
[2017.09.30-01.21.35:132][  0]LocalizationService: Localization service is disabled
[2017.09.30-01.21.35:695][  0]LogConsoleResponse: Display: 
[2017.09.30-01.21.35:826][  0]LogCook: Display: Max memory allowance for cook 16384mb min free memory 0mb
[2017.09.30-01.21.35:826][  0]LogCook: Display: Mobile HDR setting 1
[2017.09.30-01.21.35:826][  0]LogGameplayTags: Display: UGameplayTagsManager::DoneAddingNativeTags. DelegateIsBound: 0
[2017.09.30-01.21.36:180][  0]LogFileCache: Scanning file cache for directory 'C:/Users/elsbeth.larkin/Documents/GitHub/VRacious/WizardSchoolVR/Content/' took 0.01s
[2017.09.30-01.21.36:566][  0]Cmd: MAP LOAD FILE="../../../../GitHub/VRacious/WizardSchoolVR/Content/VirtualRealityBP/Maps/StartupMap.umap" TEMPLATE=0 SHOWPROGRESS=1 FEATURELEVEL=3
[2017.09.30-01.21.36:566][  0]LightingResults: New page: Lighting Build
[2017.09.30-01.21.36:595][  0]MapCheck: New page: Map Check
[2017.09.30-01.21.36:596][  0]LightingResults: New page: Lighting Build
[2017.09.30-01.21.36:634][  0]LogGameplayTags: Warning: Invalid GameplayTag Ingredients found while loading property /Game/PotionsStuff/TeacherCuldrun.TeacherCuldrun_C:Ing.
[2017.09.30-01.21.36:804][  0]LogAIModule: Creating AISystem for world StartupMap
[2017.09.30-01.21.36:812][  0]LogEditorServer: Finished looking for orphan Actors (0.000 secs)
[2017.09.30-01.21.36:822][  0]Cmd: MAP CHECKDEP NOCLEARLOG
[2017.09.30-01.21.36:858][  0]MapCheck: Map check complete: 0 Error(s), 0 Warning(s), took 36.601ms to complete.
[2017.09.30-01.21.36:858][  0]LogFileHelpers: Loading map 'StartupMap' took 0.293
[2017.09.30-01.21.36:984][  0]LogCollectionManager: Loaded 0 collections in 0.001120 seconds
[2017.09.30-01.21.37:056][  0]LogFileCache: Scanning file cache for directory 'C:/Users/elsbeth.larkin/Documents/GitHub/VRacious/WizardSchoolVR/Saved/Collections/' took 0.01s
[2017.09.30-01.21.37:056][  0]LogFileCache: Scanning file cache for directory 'C:/Users/elsbeth.larkin/Documents/GitHub/VRacious/WizardSchoolVR/Content/Developers/elsbethlarkin/Collections/' took 0.01s
[2017.09.30-01.21.37:056][  0]LogFileCache: Scanning file cache for directory 'C:/Users/elsbeth.larkin/Documents/GitHub/VRacious/WizardSchoolVR/Content/Collections/' took 0.01s
[2017.09.30-01.21.37:056][  0]LogCollectionManager: Rebuilt the GUID cache for 0 collections in 0.000001 seconds
[2017.09.30-01.21.37:065][  0]LogContentBrowser: Native class hierarchy populated in 0.0083 seconds. Added 2390 classes and 502 folders.
[2017.09.30-01.21.37:109][  0]LogContentBrowser: Native class hierarchy updated for 'WidgetCarousel' in 0.0009 seconds. Added 0 classes and 0 folders.
[2017.09.30-01.21.37:134][  0]LogContentBrowser: Native class hierarchy updated for 'AddContentDialog' in 0.0009 seconds. Added 0 classes and 0 folders.
[2017.09.30-01.21.37:167][  0]LogContentBrowser: Native class hierarchy updated for 'SceneOutliner' in 0.0009 seconds. Added 1 classes and 2 folders.
[2017.09.30-01.21.37:183][  0]LogSlate: Took 0.000198 seconds to synchronously load lazily loaded font '../../../Engine/Content/Slate/Fonts/Roboto-Regular.ttf' (155K)
[2017.09.30-01.21.37:184][  0]LogSlate: Took 0.000120 seconds to synchronously load lazily loaded font '../../../Engine/Content/Slate/Fonts/Roboto-Bold.ttf' (160K)
[2017.09.30-01.21.37:189][  0]LogSlate: Took 0.000114 seconds to synchronously load lazily loaded font '../../../Engine/Content/Editor/Slate/Fonts/FontAwesome.ttf' (139K)
[2017.09.30-01.21.37:300][  0]LogRenderer: Reallocating scene render targets to support 960x576 Format 26 NumSamples 1 (Frame:1).
[2017.09.30-01.21.37:470][  0]LogContentBrowser: Native class hierarchy updated for 'HierarchicalLODOutliner' in 0.0010 seconds. Added 1 classes and 2 folders.
[2017.09.30-01.21.37:470][  0]LogLoad: (Engine Initialization) Total time: 13.73 seconds
[2017.09.30-01.21.37:470][  0]LogLoad: (Engine Initialization) Total Blueprint compile time: 0.00 seconds
[2017.09.30-01.21.37:470][  0]LogExternalProfiler: No external profilers were discovered.  External profiling features will not be available.
[2017.09.30-01.21.37:480][  0]LogWindowsTextInputMethodSystem: Display: IME system now deactivated.
[2017.09.30-01.21.37:494][  0]LogAssetRegistry: Asset discovery search completed in 9.2621 seconds
[2017.09.30-01.21.37:495][  0]LogCollectionManager: Rebuilt the object cache for 0 collections in 0.000000 seconds (found 0 objects)
[2017.09.30-01.21.37:495][  0]LogCollectionManager: Fixed up redirectors for 0 collections in 0.000030 seconds (updated 0 objects)
[2017.09.30-01.21.37:497][  0]SourceControl: On branch Elsbeth's-Pit-in-Hell
[2017.09.30-01.21.37:497][  0]SourceControl: Your branch is up-to-date with 'origin/Elsbeth's-Pit-in-Hell'.
[2017.09.30-01.21.37:497][  0]SourceControl: Changes to be committed:
[2017.09.30-01.21.37:497][  0]SourceControl:   (use "git reset HEAD <file>..." to unstage)
[2017.09.30-01.21.37:497][  0]SourceControl: 	new file:   WizardSchoolVR/Content/PotionsStuff/Culdrun.uasset
[2017.09.30-01.21.37:497][  0]SourceControl: 	new file:   WizardSchoolVR/Content/PotionsStuff/TeacherCuldrun1.uasset
[2017.09.30-01.21.37:497][  0]SourceControl: Changes not staged for commit:
[2017.09.30-01.21.37:497][  0]SourceControl:   (use "git add/rm <file>..." to update what will be committed)
[2017.09.30-01.21.37:497][  0]SourceControl:   (use "git checkout -- <file>..." to discard changes in working directory)
[2017.09.30-01.21.37:497][  0]SourceControl: 	modified:   WizardSchoolVR/Content/PotionsStuff/StudentCuldrun.uasset
[2017.09.30-01.21.37:497][  0]SourceControl: 	modified:   WizardSchoolVR/Content/PotionsStuff/TeacherCuldrun.uasset
[2017.09.30-01.21.37:497][  0]SourceControl: 	deleted:    WizardSchoolVR/Content/PotionsStuff/TeacherCuldrun1.uasset
[2017.09.30-01.21.37:497][  0]SourceControl: 	modified:   WizardSchoolVR/Content/VirtualRealityBP/Maps/StartupMap.umap
[2017.09.30-01.21.37:497][  0]SourceControl: 	modified:   WizardSchoolVR/Intermediate/AssetRegistryCache/c90e3f55.bin
[2017.09.30-01.21.37:497][  0]SourceControl: 	modified:   WizardSchoolVR/Intermediate/CachedAssetRegistry.bin
[2017.09.30-01.21.37:497][  0]SourceControl: 	modified:   WizardSchoolVR/Saved/AutoScreenshot.png
[2017.09.30-01.21.37:497][  0]SourceControl: 	modified:   WizardSchoolVR/Saved/Config/Windows/Editor.ini
[2017.09.30-01.21.37:497][  0]SourceControl: 	modified:   WizardSchoolVR/Saved/Config/Windows/EditorPerProjectUserSettings.ini
[2017.09.30-01.21.37:497][  0]SourceControl: 	modified:   WizardSchoolVR/Saved/Config/Windows/Engine.ini
[2017.09.30-01.21.37:497][  0]SourceControl: 	modified:   WizardSchoolVR/Saved/Logs/WizardSchoolVR.log
[2017.09.30-01.21.37:497][  0]SourceControl: Untracked files:
[2017.09.30-01.21.37:497][  0]SourceControl:   (use "git add <file>..." to include in what will be committed)
[2017.09.30-01.21.37:497][  0]SourceControl: 	WizardSchoolVR/Saved/Autosaves/Game/
[2017.09.30-01.21.37:497][  0]SourceControl: 	WizardSchoolVR/Saved/Backup/StartupMap_2017-09-29-14-34-56.umap
[2017.09.30-01.21.37:497][  0]SourceControl: 	WizardSchoolVR/Saved/Backup/StartupMap_2017-09-29-14-50-41.umap
[2017.09.30-01.21.37:497][  0]SourceControl: 	WizardSchoolVR/Saved/Backup/StartupMap_2017-09-29-14-58-47.umap
[2017.09.30-01.21.37:497][  0]SourceControl: 	WizardSchoolVR/Saved/Backup/StudentCuldrun_2017-09-29-14-34-56.uasset
[2017.09.30-01.21.37:497][  0]SourceControl: 	WizardSchoolVR/Saved/Backup/StudentCuldrun_2017-09-29-14-50-41.uasset
[2017.09.30-01.21.37:497][  0]SourceControl: 	WizardSchoolVR/Saved/Backup/StudentCuldrun_2017-09-29-14-58-47.uasset
[2017.09.30-01.21.37:498][  0]SourceControl: 	WizardSchoolVR/Saved/Backup/TeacherCuldrun_2017-09-29-14-34-56.uasset
[2017.09.30-01.21.37:498][  0]SourceControl: 	WizardSchoolVR/Saved/Backup/TeacherCuldrun_2017-09-29-14-50-41.uasset
[2017.09.30-01.21.37:498][  0]SourceControl: 	WizardSchoolVR/Saved/Backup/TeacherCuldrun_2017-09-29-14-58-32.uasset
[2017.09.30-01.21.37:498][  0]SourceControl: 	WizardSchoolVR/Saved/Config/CrashReportClient/UE4CC-Windows-43DCE58D449DA5C0468E68B04ABA095F/
[2017.09.30-01.21.37:498][  0]SourceControl: 	WizardSchoolVR/Saved/Config/CrashReportClient/UE4CC-Windows-DBF73E2B42C6D0AA01238992B4739437/
[2017.09.30-01.21.37:498][  0]SourceControl: 	WizardSchoolVR/Saved/Logs/WizardSchoolVR-backup-2017.09.29-13.50.47.log
[2017.09.30-01.21.37:498][  0]SourceControl: 	WizardSchoolVR/Saved/Logs/WizardSchoolVR-backup-2017.09.29-18.21.24.log
[2017.09.30-01.21.37:498][  0]LogContentStreaming: Texture pool size now 1000 MB
[2017.09.30-01.21.37:531][  0]LogSlate: Took 0.000122 seconds to synchronously load lazily loaded font '../../../Engine/Content/Slate/Fonts/Roboto-Light.ttf' (159K)
[2017.09.30-01.21.51:882][709]LogTemp: Repeating last play command: Simulate
[2017.09.30-01.21.51:913][709]LogPlayLevel: PlayLevel: No blueprints needed recompiling
[2017.09.30-01.21.51:913][709]PIE: New page: SIE session: StartupMap (Sep 29, 2017, 11:21:51 AM)
[2017.09.30-01.21.51:913][709]LogPlayLevel: Creating play world package: /Game/VirtualRealityBP/Maps/UEDPIE_0_StartupMap
[2017.09.30-01.21.51:917][709]LogPlayLevel: PIE: StaticDuplicateObject took: (0.004119s)
[2017.09.30-01.21.51:918][709]LogAIModule: Creating AISystem for world StartupMap
[2017.09.30-01.21.51:918][709]LogPlayLevel: PIE: World Init took: (0.000492s)
[2017.09.30-01.21.51:918][709]LogPlayLevel: PIE: Created PIE world by copying editor world from /Game/VirtualRealityBP/Maps/StartupMap.StartupMap to /Game/VirtualRealityBP/Maps/UEDPIE_0_StartupMap.StartupMap (0.004784s)
[2017.09.30-01.21.51:931][709]LogInit: XAudio2 using 'Speakers (Realtek High Definition Audio)' : 2 channels at 48 kHz using 32 bits per sample (channel mask 0x3)
[2017.09.30-01.21.51:937][709]LogInit: FAudioDevice initialized.
[2017.09.30-01.21.51:975][709]LogUObjectGlobals: Warning: Failed to find object 'Class None.'
[2017.09.30-01.21.51:975][709]LogLoad: Game class is 'GameModeBase'
[2017.09.30-01.21.51:977][709]LogWorld: Bringing World /Game/VirtualRealityBP/Maps/UEDPIE_0_StartupMap.StartupMap up for play (max tick rate 0) at 2017.09.29-18.21.51
[2017.09.30-01.21.51:978][709]LogWorld: Bringing up level for play took: 0.001474
[2017.09.30-01.21.51:978][709]LogGameMode: FindPlayerStart: PATHS NOT DEFINED or NO PLAYERSTART with positive rating
[2017.09.30-01.21.52:007][709]LogContentBrowser: Native class hierarchy updated for 'MovieSceneCapture' in 0.0009 seconds. Added 11 classes and 0 folders.
[2017.09.30-01.21.52:008][709]LogScriptCore: Warning: Script Msg: Attempted to set an invalid index on array CorrectFormula [7/6]!
[2017.09.30-01.21.52:008][709]LogBlueprintUserMessages: [TeacherCuldrun_754] SetCorrect
[2017.09.30-01.21.52:008][709]PIE: Play in editor start time for /Game/VirtualRealityBP/Maps/UEDPIE_0_StartupMap -0.612
[2017.09.30-01.21.56:798][277]LogTemp: Repeating last play command: Simulate
[2017.09.30-01.21.56:807][277]LogPlayLevel: PlayLevel: No blueprints needed recompiling
[2017.09.30-01.21.56:807][277]PIE: New page: SIE session: StartupMap (Sep 29, 2017, 11:21:56 AM)
[2017.09.30-01.21.56:807][277]LogPlayLevel: Creating play world package: /Game/VirtualRealityBP/Maps/UEDPIE_0_StartupMap
[2017.09.30-01.21.56:811][277]LogPlayLevel: PIE: StaticDuplicateObject took: (0.004259s)
[2017.09.30-01.21.56:812][277]LogAIModule: Creating AISystem for world StartupMap
[2017.09.30-01.21.56:812][277]LogPlayLevel: PIE: World Init took: (0.000476s)
[2017.09.30-01.21.56:812][277]LogPlayLevel: PIE: Created PIE world by copying editor world from /Game/VirtualRealityBP/Maps/StartupMap.StartupMap to /Game/VirtualRealityBP/Maps/UEDPIE_0_StartupMap.StartupMap (0.004923s)
[2017.09.30-01.21.56:829][277]LogInit: XAudio2 using 'Speakers (Realtek High Definition Audio)' : 2 channels at 48 kHz using 32 bits per sample (channel mask 0x3)
[2017.09.30-01.21.56:836][277]LogInit: FAudioDevice initialized.
[2017.09.30-01.21.56:863][277]LogUObjectGlobals: Warning: Failed to find object 'Class None.'
[2017.09.30-01.21.56:863][277]LogLoad: Game class is 'GameModeBase'
[2017.09.30-01.21.56:865][277]LogWorld: Bringing World /Game/VirtualRealityBP/Maps/UEDPIE_0_StartupMap.StartupMap up for play (max tick rate 0) at 2017.09.29-18.21.56
[2017.09.30-01.21.56:865][277]LogWorld: Bringing up level for play took: 0.001809
[2017.09.30-01.21.56:866][277]LogGameMode: FindPlayerStart: PATHS NOT DEFINED or NO PLAYERSTART with positive rating
[2017.09.30-01.21.56:866][277]LogScriptCore: Warning: Script Msg: Attempted to set an invalid index on array CorrectFormula [7/6]!
[2017.09.30-01.21.56:866][277]LogBlueprintUserMessages: [TeacherCuldrun_754] SetCorrect
[2017.09.30-01.21.56:866][277]PIE: Play in editor start time for /Game/VirtualRealityBP/Maps/UEDPIE_0_StartupMap 0.246
[2017.09.30-01.22.00:657][727]LogTemp: Repeating last play command: Simulate
[2017.09.30-01.22.00:667][727]LogPlayLevel: PlayLevel: No blueprints needed recompiling
[2017.09.30-01.22.00:667][727]PIE: New page: SIE session: StartupMap (Sep 29, 2017, 11:22:00 AM)
[2017.09.30-01.22.00:667][727]LogPlayLevel: Creating play world package: /Game/VirtualRealityBP/Maps/UEDPIE_0_StartupMap
[2017.09.30-01.22.00:671][727]LogPlayLevel: PIE: StaticDuplicateObject took: (0.004551s)
[2017.09.30-01.22.00:672][727]LogAIModule: Creating AISystem for world StartupMap
[2017.09.30-01.22.00:672][727]LogPlayLevel: PIE: World Init took: (0.000572s)
[2017.09.30-01.22.00:672][727]LogPlayLevel: PIE: Created PIE world by copying editor world from /Game/VirtualRealityBP/Maps/StartupMap.StartupMap to /Game/VirtualRealityBP/Maps/UEDPIE_0_StartupMap.StartupMap (0.005318s)
[2017.09.30-01.22.00:689][727]LogInit: XAudio2 using 'Speakers (Realtek High Definition Audio)' : 2 channels at 48 kHz using 32 bits per sample (channel mask 0x3)
[2017.09.30-01.22.00:696][727]LogInit: FAudioDevice initialized.
[2017.09.30-01.22.00:726][727]LogUObjectGlobals: Warning: Failed to find object 'Class None.'
[2017.09.30-01.22.00:726][727]LogLoad: Game class is 'GameModeBase'
[2017.09.30-01.22.00:728][727]LogWorld: Bringing World /Game/VirtualRealityBP/Maps/UEDPIE_0_StartupMap.StartupMap up for play (max tick rate 0) at 2017.09.29-18.22.00
[2017.09.30-01.22.00:728][727]LogWorld: Bringing up level for play took: 0.001960
[2017.09.30-01.22.00:728][727]LogGameMode: FindPlayerStart: PATHS NOT DEFINED or NO PLAYERSTART with positive rating
[2017.09.30-01.22.00:729][727]LogScriptCore: Warning: Script Msg: Attempted to set an invalid index on array CorrectFormula [7/6]!
[2017.09.30-01.22.00:729][727]LogBlueprintUserMessages: [TeacherCuldrun_754] SetCorrect
[2017.09.30-01.22.00:729][727]PIE: Play in editor start time for /Game/VirtualRealityBP/Maps/UEDPIE_0_StartupMap 0.109
[2017.09.30-01.22.05:143][250]LogPlayLevel: PlayLevel: No blueprints needed recompiling
[2017.09.30-01.22.05:143][250]PIE: New page: PIE session: StartupMap (Sep 29, 2017, 11:22:05 AM)
[2017.09.30-01.22.05:143][250]LogPlayLevel: Creating play world package: /Game/VirtualRealityBP/Maps/UEDPIE_0_StartupMap
[2017.09.30-01.22.05:147][250]LogPlayLevel: PIE: StaticDuplicateObject took: (0.003420s)
[2017.09.30-01.22.05:147][250]LogAIModule: Creating AISystem for world StartupMap
[2017.09.30-01.22.05:147][250]LogPlayLevel: PIE: World Init took: (0.000462s)
[2017.09.30-01.22.05:147][250]LogPlayLevel: PIE: Created PIE world by copying editor world from /Game/VirtualRealityBP/Maps/StartupMap.StartupMap to /Game/VirtualRealityBP/Maps/UEDPIE_0_StartupMap.StartupMap (0.004073s)
[2017.09.30-01.22.05:159][250]LogInit: XAudio2 using 'Speakers (Realtek High Definition Audio)' : 2 channels at 48 kHz using 32 bits per sample (channel mask 0x3)
[2017.09.30-01.22.05:165][250]LogInit: FAudioDevice initialized.
[2017.09.30-01.22.05:193][250]LogUObjectGlobals: Warning: Failed to find object 'Class None.'
[2017.09.30-01.22.05:193][250]LogLoad: Game class is 'GameModeBase'
[2017.09.30-01.22.05:195][250]LogWorld: Bringing World /Game/VirtualRealityBP/Maps/UEDPIE_0_StartupMap.StartupMap up for play (max tick rate 0) at 2017.09.29-18.22.05
[2017.09.30-01.22.05:195][250]LogWorld: Bringing up level for play took: 0.001386
[2017.09.30-01.22.05:196][250]LogScriptCore: Warning: Script Msg: Attempted to set an invalid index on array CorrectFormula [7/6]!
[2017.09.30-01.22.05:196][250]LogBlueprintUserMessages: [TeacherCuldrun_754] SetCorrect
[2017.09.30-01.22.05:196][250]PIE: Play in editor start time for /Game/VirtualRealityBP/Maps/UEDPIE_0_StartupMap 0.576
[2017.09.30-01.22.08:932][692]LogTemp: Repeating last play command: Selected Viewport
[2017.09.30-01.22.08:942][692]LogPlayLevel: PlayLevel: No blueprints needed recompiling
[2017.09.30-01.22.08:942][692]PIE: New page: PIE session: StartupMap (Sep 29, 2017, 11:22:08 AM)
[2017.09.30-01.22.08:942][692]LogPlayLevel: Creating play world package: /Game/VirtualRealityBP/Maps/UEDPIE_0_StartupMap
[2017.09.30-01.22.08:946][692]LogPlayLevel: PIE: StaticDuplicateObject took: (0.003312s)
[2017.09.30-01.22.08:946][692]LogAIModule: Creating AISystem for world StartupMap
[2017.09.30-01.22.08:946][692]LogPlayLevel: PIE: World Init took: (0.000451s)
[2017.09.30-01.22.08:946][692]LogPlayLevel: PIE: Created PIE world by copying editor world from /Game/VirtualRealityBP/Maps/StartupMap.StartupMap to /Game/VirtualRealityBP/Maps/UEDPIE_0_StartupMap.StartupMap (0.003920s)
[2017.09.30-01.22.08:959][692]LogInit: XAudio2 using 'Speakers (Realtek High Definition Audio)' : 2 channels at 48 kHz using 32 bits per sample (channel mask 0x3)
[2017.09.30-01.22.08:965][692]LogInit: FAudioDevice initialized.
[2017.09.30-01.22.08:992][692]LogUObjectGlobals: Warning: Failed to find object 'Class None.'
[2017.09.30-01.22.08:992][692]LogLoad: Game class is 'GameModeBase'
[2017.09.30-01.22.08:993][692]LogWorld: Bringing World /Game/VirtualRealityBP/Maps/UEDPIE_0_StartupMap.StartupMap up for play (max tick rate 0) at 2017.09.29-18.22.08
[2017.09.30-01.22.08:994][692]LogWorld: Bringing up level for play took: 0.001386
[2017.09.30-01.22.08:994][692]LogScriptCore: Warning: Script Msg: Attempted to set an invalid index on array CorrectFormula [7/6]!
[2017.09.30-01.22.08:994][692]LogBlueprintUserMessages: [TeacherCuldrun_754] SetCorrect
[2017.09.30-01.22.08:994][692]PIE: Play in editor start time for /Game/VirtualRealityBP/Maps/UEDPIE_0_StartupMap 0.375
[2017.09.30-01.22.13:193][195]LogBlueprintUserMessages: [StudentCuldrun_802] Hit
[2017.09.30-01.22.15:968][528]LogBlueprintUserMessages: [StudentCuldrun_802] Hit
[2017.09.30-01.22.17:109][665]LogBlueprintUserMessages: [StudentCuldrun_802] Hit
[2017.09.30-01.22.17:110][665]LogBlueprintUserMessages: [StudentCuldrun_802] Ingredient4_2
[2017.09.30-01.22.24:061][494]LogTemp: Repeating last play command: Selected Viewport
[2017.09.30-01.22.24:070][494]LogPlayLevel: PlayLevel: No blueprints needed recompiling
[2017.09.30-01.22.24:070][494]PIE: New page: PIE session: StartupMap (Sep 29, 2017, 11:22:24 AM)
[2017.09.30-01.22.24:070][494]LogPlayLevel: Creating play world package: /Game/VirtualRealityBP/Maps/UEDPIE_0_StartupMap
[2017.09.30-01.22.24:074][494]LogPlayLevel: PIE: StaticDuplicateObject took: (0.003651s)
[2017.09.30-01.22.24:074][494]LogAIModule: Creating AISystem for world StartupMap
[2017.09.30-01.22.24:075][494]LogPlayLevel: PIE: World Init took: (0.000454s)
[2017.09.30-01.22.24:075][494]LogPlayLevel: PIE: Created PIE world by copying editor world from /Game/VirtualRealityBP/Maps/StartupMap.StartupMap to /Game/VirtualRealityBP/Maps/UEDPIE_0_StartupMap.StartupMap (0.004284s)
[2017.09.30-01.22.24:088][494]LogInit: XAudio2 using 'Speakers (Realtek High Definition Audio)' : 2 channels at 48 kHz using 32 bits per sample (channel mask 0x3)
[2017.09.30-01.22.24:095][494]LogInit: FAudioDevice initialized.
[2017.09.30-01.22.24:121][494]LogUObjectGlobals: Warning: Failed to find object 'Class None.'
[2017.09.30-01.22.24:121][494]LogLoad: Game class is 'GameModeBase'
[2017.09.30-01.22.24:123][494]LogWorld: Bringing World /Game/VirtualRealityBP/Maps/UEDPIE_0_StartupMap.StartupMap up for play (max tick rate 0) at 2017.09.29-18.22.24
[2017.09.30-01.22.24:123][494]LogWorld: Bringing up level for play took: 0.001375
[2017.09.30-01.22.24:124][494]LogScriptCore: Warning: Script Msg: Attempted to set an invalid index on array CorrectFormula [7/6]!
[2017.09.30-01.22.24:124][494]LogBlueprintUserMessages: [TeacherCuldrun_754] SetCorrect
[2017.09.30-01.22.24:124][494]PIE: Play in editor start time for /Game/VirtualRealityBP/Maps/UEDPIE_0_StartupMap -0.496
[2017.09.30-01.22.28:373][  3]LogBlueprintUserMessages: [StudentCuldrun_802] Hit
[2017.09.30-01.22.28:614][ 32]LogBlueprintUserMessages: [StudentCuldrun_802] Hit
[2017.09.30-01.22.28:614][ 32]LogBlueprintUserMessages: [StudentCuldrun_802] Ingredient4_2
[2017.09.30-01.22.36:323][957]LogBlueprintUserMessages: [StudentCuldrun_802] Hit
[2017.09.30-01.22.36:323][957]LogBlueprintUserMessages: [StudentCuldrun_802] Ingredient1_2
[2017.09.30-01.22.48:197][376]LogBlueprintUserMessages: [StudentCuldrun_802] Hit
[2017.09.30-01.22.48:197][376]LogBlueprintUserMessages: [StudentCuldrun_802] Ingredient2_2
[2017.09.30-01.22.58:655][631]LogBlueprintUserMessages: [StudentCuldrun_802] Hit
[2017.09.30-01.23.03:513][214]LogBlueprintUserMessages: [StudentCuldrun_802] Hit
[2017.09.30-01.23.07:022][635]LogBlueprintUserMessages: [StudentCuldrun_802] Hit
[2017.09.30-01.23.07:047][638]LogBlueprintUserMessages: [StudentCuldrun_802] Hit
[2017.09.30-01.23.07:047][638]LogBlueprintUserMessages: [StudentCuldrun_802] Ingredient3_2
[2017.09.30-01.23.43:499][ 12]LogBlueprintUserMessages: [StudentCuldrun_802] Hit
[2017.09.30-01.26.25:822][662]LogWindowsTextInputMethodSystem: Display: IME system now deactivated.
[2017.09.30-01.26.25:974][663]Cmd: QUIT_EDITOR
[2017.09.30-01.26.26:148][663]LogExit: Preparing to exit.
[2017.09.30-01.26.27:234][663]LogDirectoryWatcher: A directory notification for 'C:/Users/elsbeth.larkin/Documents/GitHub/VRacious/WizardSchoolVR/Content/' was aborted.
[2017.09.30-01.26.27:246][663]LogExit: Editor shut down
[2017.09.30-01.26.27:252][663]LogExit: Transaction tracking system shut down
[2017.09.30-01.26.27:400][663]LogDirectoryWatcher: A directory notification for '../../../Engine/Content/' was aborted.
[2017.09.30-01.26.27:400][663]LogDirectoryWatcher: A directory notification for '../../../../GitHub/VRacious/WizardSchoolVR/Content/' was aborted.
[2017.09.30-01.26.27:400][663]LogDirectoryWatcher: A directory notification for '../../../Engine/Plugins/2D/Paper2D/Content/' was aborted.
[2017.09.30-01.26.27:400][663]LogDirectoryWatcher: A directory notification for '../../../Engine/Plugins/Runtime/Oculus/OculusVR/Content/' was aborted.
[2017.09.30-01.26.27:400][663]LogDirectoryWatcher: A directory notification for '../../../Engine/Plugins/Runtime/Steam/SteamVR/Content/' was aborted.
[2017.09.30-01.26.27:432][663]LogExit: Object subsystem successfully closed.
[2017.09.30-01.26.27:452][663]LogD3D11RHI: Shutdown
[2017.09.30-01.26.27:452][663]LogD3D11RHI: CleanupD3DDevice
[2017.09.30-01.26.27:500][663]LogD3D11RHI: ~FD3D11DynamicRHI
[2017.09.30-01.26.27:515][663]LogModuleManager: Shutting down and abandoning module MovieSceneCapture (534)
[2017.09.30-01.26.27:515][663]LogModuleManager: Shutting down and abandoning module HierarchicalLODOutliner (532)
[2017.09.30-01.26.27:515][663]LogModuleManager: Shutting down and abandoning module SceneOutliner (530)
[2017.09.30-01.26.27:515][663]LogModuleManager: Shutting down and abandoning module AddContentDialog (528)
[2017.09.30-01.26.27:515][663]LogDirectoryWatcher: A directory notification for 'C:/Users/elsbeth.larkin/Documents/UE_4.17/FeaturePacks/' was aborted.
[2017.09.30-01.26.27:515][663]LogModuleManager: Shutting down and abandoning module WidgetCarousel (527)
[2017.09.30-01.26.27:515][663]LogModuleManager: Shutting down and abandoning module EditorWidgets (524)
[2017.09.30-01.26.27:515][663]LogModuleManager: Shutting down and abandoning module CollectionManager (522)
[2017.09.30-01.26.27:515][663]LogDirectoryWatcher: A directory notification for 'C:/Users/elsbeth.larkin/Documents/GitHub/VRacious/WizardSchoolVR/Content/Collections/' was aborted.
[2017.09.30-01.26.27:516][663]LogDirectoryWatcher: A directory notification for 'C:/Users/elsbeth.larkin/Documents/GitHub/VRacious/WizardSchoolVR/Content/Developers/elsbethlarkin/Collections/' was aborted.
[2017.09.30-01.26.27:516][663]LogDirectoryWatcher: A directory notification for 'C:/Users/elsbeth.larkin/Documents/GitHub/VRacious/WizardSchoolVR/Saved/Collections/' was aborted.
[2017.09.30-01.26.27:516][663]LogModuleManager: Shutting down and abandoning module StatsViewer (520)
[2017.09.30-01.26.27:516][663]LogModuleManager: Shutting down and abandoning module FoliageEdit (518)
[2017.09.30-01.26.27:516][663]LogModuleManager: Shutting down and abandoning module LandscapeEditor (516)
[2017.09.30-01.26.27:516][663]LogModuleManager: Shutting down and abandoning module MeshPaintMode (514)
[2017.09.30-01.26.27:516][663]LogModuleManager: Shutting down and abandoning module SceneDepthPickerMode (512)
[2017.09.30-01.26.27:516][663]LogModuleManager: Shutting down and abandoning module ActorPickerMode (510)
[2017.09.30-01.26.27:516][663]LogModuleManager: Shutting down and abandoning module GeometryMode (508)
[2017.09.30-01.26.27:516][663]LogModuleManager: Shutting down and abandoning module TextureAlignMode (506)
[2017.09.30-01.26.27:516][663]LogModuleManager: Shutting down and abandoning module BspMode (504)
[2017.09.30-01.26.27:516][663]LogModuleManager: Shutting down and abandoning module PIEPreviewDeviceProfileSelector (502)
[2017.09.30-01.26.27:516][663]LogModuleManager: Shutting down and abandoning module HardwareSurvey (500)
[2017.09.30-01.26.27:516][663]LogModuleManager: Shutting down and abandoning module SequenceRecorderSections (498)
[2017.09.30-01.26.27:516][663]LogModuleManager: Shutting down and abandoning module AutomationWorker (496)
[2017.09.30-01.26.27:516][663]LogModuleManager: Shutting down and abandoning module MatineeToLevelSequence (494)
[2017.09.30-01.26.27:516][663]LogModuleManager: Shutting down and abandoning module LevelSequenceEditor (492)
[2017.09.30-01.26.27:516][663]LogModuleManager: Shutting down and abandoning module PlacementMode (491)
[2017.09.30-01.26.27:516][663]LogModuleManager: Shutting down and abandoning module WmfMediaFactory (488)
[2017.09.30-01.26.27:516][663]LogModuleManager: Shutting down and abandoning module WmfMediaEditor (486)
[2017.09.30-01.26.27:516][663]LogModuleManager: Shutting down and abandoning module AvfMediaFactory (484)
[2017.09.30-01.26.27:516][663]LogModuleManager: Shutting down and abandoning module AvfMediaEditor (482)
[2017.09.30-01.26.27:516][663]LogModuleManager: Shutting down and abandoning module AndroidMediaFactory (480)
[2017.09.30-01.26.27:516][663]LogModuleManager: Shutting down and abandoning module Media (479)
[2017.09.30-01.26.27:516][663]LogModuleManager: Shutting down and abandoning module AndroidMediaEditor (476)
[2017.09.30-01.26.27:516][663]LogModuleManager: Shutting down and abandoning module CharacterAI (474)
[2017.09.30-01.26.27:516][663]LogModuleManager: Shutting down and abandoning module AudioCapture (472)
[2017.09.30-01.26.27:516][663]LogModuleManager: Shutting down and abandoning module SequenceRecorder (471)
[2017.09.30-01.26.27:516][663]LogModuleManager: Shutting down and abandoning module SmartSnapping (468)
[2017.09.30-01.26.27:516][663]LogModuleManager: Shutting down and abandoning module SessionServices (466)
[2017.09.30-01.26.27:516][663]LogModuleManager: Shutting down and abandoning module ViewportSnapping (464)
[2017.09.30-01.26.27:516][663]LogModuleManager: Shutting down and abandoning module ViewportInteraction (462)
[2017.09.30-01.26.27:516][663]LogModuleManager: Shutting down and abandoning module ClothPainter (460)
[2017.09.30-01.26.27:516][663]LogModuleManager: Shutting down and abandoning module LogVisualizer (458)
[2017.09.30-01.26.27:516][663]LogModuleManager: Shutting down and abandoning module IntroTutorials (456)
[2017.09.30-01.26.27:516][663]LogModuleManager: Shutting down and abandoning module GameProjectGeneration (455)
[2017.09.30-01.26.27:516][663]LogModuleManager: Shutting down and abandoning module IOSPlatformEditor (452)
[2017.09.30-01.26.27:516][663]LogModuleManager: Shutting down and abandoning module HTML5PlatformEditor (450)
[2017.09.30-01.26.27:516][663]LogModuleManager: Shutting down and abandoning module AndroidPlatformEditor (448)
[2017.09.30-01.26.27:516][663]LogModuleManager: Shutting down and abandoning module AndroidDeviceDetection (447)
[2017.09.30-01.26.28:455][663]LogModuleManager: Shutting down and abandoning module WindowsPlatformEditor (444)
[2017.09.30-01.26.28:455][663]LogModuleManager: Shutting down and abandoning module IOSRuntimeSettings (442)
[2017.09.30-01.26.28:455][663]LogModuleManager: Shutting down and abandoning module AndroidRuntimeSettings (440)
[2017.09.30-01.26.28:455][663]LogModuleManager: Shutting down and abandoning module InputBindingEditor (438)
[2017.09.30-01.26.28:455][663]LogModuleManager: Shutting down and abandoning module MergeActors (436)
[2017.09.30-01.26.28:455][663]LogModuleManager: Shutting down and abandoning module SizeMap (434)
[2017.09.30-01.26.28:455][663]LogModuleManager: Shutting down and abandoning module TreeMap (432)
[2017.09.30-01.26.28:455][663]LogModuleManager: Shutting down and abandoning module ReferenceViewer (430)
[2017.09.30-01.26.28:455][663]LogModuleManager: Shutting down and abandoning module LocalizationDashboard (428)
[2017.09.30-01.26.28:455][663]LogModuleManager: Shutting down and abandoning module LocalizationService (427)
[2017.09.30-01.26.28:455][663]LogModuleManager: Shutting down and abandoning module HardwareTargeting (424)
[2017.09.30-01.26.28:455][663]LogModuleManager: Shutting down and abandoning module DeviceProfileEditor (422)
[2017.09.30-01.26.28:455][663]LogModuleManager: Shutting down and abandoning module UndoHistory (420)
[2017.09.30-01.26.28:455][663]LogModuleManager: Shutting down and abandoning module XmlParser (418)
[2017.09.30-01.26.28:455][663]LogModuleManager: Shutting down and abandoning module Blutility (416)
[2017.09.30-01.26.28:455][663]LogModuleManager: Shutting down and abandoning module ProjectSettingsViewer (414)
[2017.09.30-01.26.28:455][663]LogModuleManager: Shutting down and abandoning module ProjectTargetPlatformEditor (413)
[2017.09.30-01.26.28:455][663]LogModuleManager: Shutting down and abandoning module EditorSettingsViewer (410)
[2017.09.30-01.26.28:456][663]LogModuleManager: Shutting down and abandoning module SettingsEditor (408)
[2017.09.30-01.26.28:456][663]LogModuleManager: Shutting down and abandoning module ProjectLauncher (406)
[2017.09.30-01.26.28:456][663]LogModuleManager: Shutting down and abandoning module SessionFrontend (404)
[2017.09.30-01.26.28:456][663]LogModuleManager: Shutting down and abandoning module ProfilerClient (402)
[2017.09.30-01.26.28:456][663]LogModuleManager: Shutting down and abandoning module DeviceManager (400)
[2017.09.30-01.26.28:456][663]LogModuleManager: Shutting down and abandoning module TargetDeviceServices (399)
[2017.09.30-01.26.28:507][663]LogModuleManager: Shutting down and abandoning module AutomationController (396)
[2017.09.30-01.26.28:507][663]LogModuleManager: Shutting down and abandoning module AutomationWindow (394)
[2017.09.30-01.26.28:507][663]LogModuleManager: Shutting down and abandoning module Layers (392)
[2017.09.30-01.26.28:507][663]LogModuleManager: Shutting down and abandoning module ComponentVisualizers (390)
[2017.09.30-01.26.28:507][663]LogModuleManager: Shutting down and abandoning module DetailCustomizations (388)
[2017.09.30-01.26.28:507][663]LogModuleManager: Shutting down and abandoning module PackagesDialog (386)
[2017.09.30-01.26.28:507][663]LogModuleManager: Shutting down and abandoning module Persona (384)
[2017.09.30-01.26.28:507][663]LogModuleManager: Shutting down and abandoning module AdvancedPreviewScene (383)
[2017.09.30-01.26.28:507][663]LogModuleManager: Shutting down and abandoning module AnimGraph (381)
[2017.09.30-01.26.28:507][663]LogModuleManager: Shutting down and abandoning module Kismet (378)
[2017.09.30-01.26.28:508][663]LogModuleManager: Shutting down and abandoning module ClassViewer (376)
[2017.09.30-01.26.28:508][663]LogModuleManager: Shutting down and abandoning module Toolbox (374)
[2017.09.30-01.26.28:508][663]LogModuleManager: Shutting down and abandoning module ModuleUI (372)
[2017.09.30-01.26.28:508][663]LogModuleManager: Shutting down and abandoning module MovieSceneTools (370)
[2017.09.30-01.26.28:508][663]LogModuleManager: Shutting down and abandoning module OutputLog (368)
[2017.09.30-01.26.28:508][663]LogModuleManager: Shutting down and abandoning module GammaUI (366)
[2017.09.30-01.26.28:508][663]LogModuleManager: Shutting down and abandoning module Documentation (364)
[2017.09.30-01.26.28:508][663]LogModuleManager: Shutting down and abandoning module MovieSceneTracks (362)
[2017.09.30-01.26.28:508][663]LogModuleManager: Shutting down and abandoning module MovieScene (360)
[2017.09.30-01.26.28:508][663]LogModuleManager: Shutting down and abandoning module Niagara (358)
[2017.09.30-01.26.28:508][663]LogModuleManager: Shutting down and abandoning module NiagaraEditor (357)
[2017.09.30-01.26.28:508][663]LogModuleManager: Shutting down and abandoning module StreamingPauseRendering (354)
[2017.09.30-01.26.28:508][663]LogModuleManager: Shutting down and abandoning module LauncherPlatform (352)
[2017.09.30-01.26.28:508][663]LogModuleManager: Shutting down and abandoning module AnalyticsET (350)
[2017.09.30-01.26.28:508][663]LogModuleManager: Shutting down and abandoning module PortalServices (348)
[2017.09.30-01.26.28:508][663]LogModuleManager: Shutting down and abandoning module PortalRpc (346)
[2017.09.30-01.26.28:508][663]LogModuleManager: Shutting down and abandoning module MessagingRpc (344)
[2017.09.30-01.26.28:508][663]LogModuleManager: Shutting down and abandoning module AIModule (342)
[2017.09.30-01.26.28:508][663]LogModuleManager: Shutting down and abandoning module GameplayDebugger (341)
[2017.09.30-01.26.28:508][663]LogModuleManager: Shutting down and abandoning module AITestSuite (339)
[2017.09.30-01.26.28:508][663]LogModuleManager: Shutting down and abandoning module ProfilerService (336)
[2017.09.30-01.26.28:604][663]LogModuleManager: Shutting down and abandoning module TaskGraph (334)
[2017.09.30-01.26.28:605][663]LogModuleManager: Shutting down and abandoning module SteamVRController (332)
[2017.09.30-01.26.28:605][663]LogModuleManager: Shutting down and abandoning module ProceduralMeshComponentEditor (330)
[2017.09.30-01.26.28:605][663]LogModuleManager: Shutting down and abandoning module ProceduralMeshComponent (328)
[2017.09.30-01.26.28:605][663]LogModuleManager: Shutting down and abandoning module OculusInput (326)
[2017.09.30-01.26.28:605][663]LogModuleManager: Shutting down and abandoning module MobilePatchingUtils (324)
[2017.09.30-01.26.28:605][663]LogModuleManager: Shutting down and abandoning module CustomMeshComponent (322)
[2017.09.30-01.26.28:605][663]LogModuleManager: Shutting down and abandoning module CableComponent (320)
[2017.09.30-01.26.28:605][663]LogModuleManager: Shutting down and abandoning module ArchVisCharacter (318)
[2017.09.30-01.26.28:605][663]LogModuleManager: Shutting down and abandoning module AndroidPermission (316)
[2017.09.30-01.26.28:605][663]LogModuleManager: Shutting down and abandoning module MediaPlayerEditor (312)
[2017.09.30-01.26.28:605][663]LogModuleManager: Shutting down and abandoning module HTML5Networking (310)
[2017.09.30-01.26.28:605][663]LogModuleManager: Shutting down and abandoning module AlembicImporter (308)
[2017.09.30-01.26.28:605][663]LogModuleManager: Shutting down and abandoning module AlembicLibrary (307)
[2017.09.30-01.26.28:605][663]LogModuleManager: Shutting down and abandoning module GeometryCache (306)
[2017.09.30-01.26.28:605][663]LogModuleManager: Shutting down and abandoning module GeometryCacheEd (305)
[2017.09.30-01.26.28:605][663]LogModuleManager: Shutting down and abandoning module SpeedTreeImporter (300)
[2017.09.30-01.26.28:605][663]LogModuleManager: Shutting down and abandoning module PluginBrowser (298)
[2017.09.30-01.26.28:605][663]LogModuleManager: Shutting down and abandoning module MobileLauncherProfileWizard (296)
[2017.09.30-01.26.28:605][663]LogModuleManager: Shutting down and abandoning module VisualStudioSourceCodeAccess (294)
[2017.09.30-01.26.28:605][663]LogModuleManager: Shutting down and abandoning module DesktopPlatform (293)
[2017.09.30-01.26.28:605][663]LogModuleManager: Shutting down and abandoning module UObjectPlugin (290)
[2017.09.30-01.26.28:605][663]LogModuleManager: Shutting down and abandoning module SubversionSourceControl (288)
[2017.09.30-01.26.28:605][663]LogModuleManager: Shutting down and abandoning module PerforceSourceControl (286)
[2017.09.30-01.26.28:605][663]LogModuleManager: Shutting down and abandoning module GitSourceControl (284)
[2017.09.30-01.26.28:605][663]LogModuleManager: Shutting down and abandoning module SourceControl (283)
[2017.09.30-01.26.28:605][663]LogModuleManager: Shutting down and abandoning module LightPropagationVolumeEditor (280)
[2017.09.30-01.26.28:605][663]LogModuleManager: Shutting down and abandoning module PaperTiledImporter (278)
[2017.09.30-01.26.28:605][663]LogModuleManager: Shutting down and abandoning module PaperSpriteSheetImporter (276)
[2017.09.30-01.26.28:605][663]LogModuleManager: Shutting down and abandoning module Paper2DEditor (274)
[2017.09.30-01.26.28:605][663]LogModuleManager: Shutting down and abandoning module MeshPaint (273)
[2017.09.30-01.26.28:605][663]LogModuleManager: Shutting down and abandoning module LevelEditor (271)
[2017.09.30-01.26.28:606][663]LogModuleManager: Shutting down and abandoning module PixelInspectorModule (270)
[2017.09.30-01.26.28:606][663]LogModuleManager: Shutting down and abandoning module MainFrame (268)
[2017.09.30-01.26.28:606][663]LogModuleManager: Shutting down and abandoning module HotReload (267)
[2017.09.30-01.26.28:606][663]LogDirectoryWatcher: A directory notification for 'C:/Users/elsbeth.larkin/Documents/GitHub/VRacious/WizardSchoolVR/Binaries/Win64' was aborted.
[2017.09.30-01.26.28:606][663]LogModuleManager: Shutting down and abandoning module WizardSchoolVR (262)
[2017.09.30-01.26.28:606][663]LogModuleManager: Shutting down and abandoning module RuntimePhysXCooking (260)
[2017.09.30-01.26.28:606][663]LogModuleManager: Shutting down and abandoning module PhysXVehiclesEditor (258)
[2017.09.30-01.26.28:606][663]LogModuleManager: Shutting down and abandoning module PhysXVehicles (256)
[2017.09.30-01.26.28:606][663]LogModuleManager: Shutting down and abandoning module OculusEditor (254)
[2017.09.30-01.26.28:606][663]LogModuleManager: Shutting down and abandoning module LocationServicesBPLibrary (252)
[2017.09.30-01.26.28:606][663]LogModuleManager: Shutting down and abandoning module ImmediatePhysicsEditor (250)
[2017.09.30-01.26.28:606][663]LogModuleManager: Shutting down and abandoning module ImmediatePhysics (248)
[2017.09.30-01.26.28:607][663]LogModuleManager: Shutting down and abandoning module UdpMessaging (246)
[2017.09.30-01.26.28:707][663]LogModuleManager: Shutting down and abandoning module TcpMessaging (244)
[2017.09.30-01.26.28:807][663]LogModuleManager: Shutting down and abandoning module GameplayTagsEditor (242)
[2017.09.30-01.26.28:807][663]LogModuleManager: Shutting down and abandoning module FacialAnimationEditor (240)
[2017.09.30-01.26.28:807][663]LogModuleManager: Shutting down and abandoning module FacialAnimation (238)
[2017.09.30-01.26.28:807][663]LogModuleManager: Shutting down and abandoning module AssetManagerEditor (236)
[2017.09.30-01.26.28:807][663]LogModuleManager: Shutting down and abandoning module GraphEditor (235)
[2017.09.30-01.26.28:807][663]LogModuleManager: Shutting down and abandoning module ContentBrowser (233)
[2017.09.30-01.26.28:808][663]LogModuleManager: Shutting down and abandoning module LightPropagationVolumeRuntime (230)
[2017.09.30-01.26.28:808][663]LogModuleManager: Shutting down and abandoning module Paper2D (228)
[2017.09.30-01.26.28:808][663]LogModuleManager: Shutting down and abandoning module WindowsMoviePlayer (226)
[2017.09.30-01.26.28:808][663]LogModuleManager: Shutting down and abandoning module WmfMedia (224)
[2017.09.30-01.26.28:808][663]LogModuleManager: Shutting down and abandoning module PacketHandler (222)
[2017.09.30-01.26.28:808][663]LogModuleManager: Shutting down and abandoning module ClothingSystemEditor (220)
[2017.09.30-01.26.28:808][663]LogModuleManager: Shutting down and abandoning module ClothingSystemRuntime (218)
[2017.09.30-01.26.28:808][663]LogModuleManager: Shutting down and abandoning module Overlay (216)
[2017.09.30-01.26.28:808][663]LogModuleManager: Shutting down and abandoning module OverlayEditor (215)
[2017.09.30-01.26.28:808][663]LogModuleManager: Shutting down and abandoning module MediaAssets (212)
[2017.09.30-01.26.28:808][663]LogModuleManager: Shutting down and abandoning module VREditor (210)
[2017.09.30-01.26.28:808][663]LogModuleManager: Shutting down and abandoning module StringTableEditor (208)
[2017.09.30-01.26.28:808][663]LogModuleManager: Shutting down and abandoning module GameplayTasksEditor (206)
[2017.09.30-01.26.28:808][663]LogModuleManager: Shutting down and abandoning module BehaviorTreeEditor (204)
[2017.09.30-01.26.28:808][663]LogModuleManager: Shutting down and abandoning module FunctionalTesting (202)
[2017.09.30-01.26.28:808][663]LogModuleManager: Shutting down and abandoning module CollisionAnalyzer (200)
[2017.09.30-01.26.28:808][663]LogModuleManager: Shutting down and abandoning module WorkspaceMenuStructure (199)
[2017.09.30-01.26.28:808][663]LogModuleManager: Shutting down and abandoning module UMG (196)
[2017.09.30-01.26.28:808][663]LogModuleManager: Shutting down and abandoning module UMGEditor (195)
[2017.09.30-01.26.28:808][663]LogModuleManager: Shutting down and abandoning module Sequencer (194)
[2017.09.30-01.26.28:808][663]LogModuleManager: Shutting down and abandoning module MessageLog (191)
[2017.09.30-01.26.28:808][663]LogModuleManager: Shutting down and abandoning module SlateReflector (186)
[2017.09.30-01.26.28:808][663]LogModuleManager: Shutting down and abandoning module Slate (184)
[2017.09.30-01.26.28:808][663]LogModuleManager: Shutting down and abandoning module EditorStyle (182)
[2017.09.30-01.26.28:810][663]LogModuleManager: Shutting down and abandoning module MRMesh (180)
[2017.09.30-01.26.28:810][663]LogModuleManager: Shutting down and abandoning module SourceCodeAccess (178)
[2017.09.30-01.26.28:810][663]LogModuleManager: Shutting down and abandoning module HeadMountedDisplay (176)
[2017.09.30-01.26.28:810][663]LogModuleManager: Shutting down and abandoning module XAudio2 (174)
[2017.09.30-01.26.28:810][663]LogModuleManager: Shutting down and abandoning module Networking (172)
[2017.09.30-01.26.28:810][663]LogModuleManager: Shutting down and abandoning module Core (168)
[2017.09.30-01.26.28:810][663]LogModuleManager: Shutting down and abandoning module KismetCompiler (164)
[2017.09.30-01.26.28:810][663]LogModuleManager: Shutting down and abandoning module LevelSequence (162)
[2017.09.30-01.26.28:810][663]LogModuleManager: Shutting down and abandoning module MeshUtilities (160)
[2017.09.30-01.26.28:810][663]LogModuleManager: Shutting down and abandoning module MeshMergeUtilities (159)
[2017.09.30-01.26.28:810][663]LogModuleManager: Shutting down and abandoning module MeshReductionInterface (158)
[2017.09.30-01.26.28:810][663]LogModuleManager: Shutting down and abandoning module SimplygonSwarm (157)
[2017.09.30-01.26.28:810][663]LogModuleManager: Shutting down and abandoning module SimplygonMeshReduction (155)
[2017.09.30-01.26.28:810][663]LogModuleManager: Shutting down and abandoning module QuadricMeshReduction (153)
[2017.09.30-01.26.28:810][663]LogModuleManager: Shutting down and abandoning module MaterialBaking (149)
[2017.09.30-01.26.28:810][663]LogModuleManager: Shutting down and abandoning module DirectoryWatcher (146)
[2017.09.30-01.26.28:811][663]LogModuleManager: Shutting down and abandoning module DerivedDataCache (144)
[2017.09.30-01.26.28:891][663]LogDerivedDataCache: Shutdown
[2017.09.30-01.26.28:891][663]LogModuleManager: Shutting down and abandoning module TargetPlatform (142)
[2017.09.30-01.26.28:891][663]LogModuleManager: Shutting down and abandoning module VulkanShaderFormat (141)
[2017.09.30-01.26.28:891][663]LogModuleManager: Shutting down and abandoning module ShaderFormatVectorVM (139)
[2017.09.30-01.26.28:891][663]LogModuleManager: Shutting down and abandoning module ShaderFormatOpenGL (137)
[2017.09.30-01.26.28:891][663]LogModuleManager: Shutting down and abandoning module ShaderFormatD3D (135)
[2017.09.30-01.26.28:891][663]LogModuleManager: Shutting down and abandoning module MetalShaderFormat (133)
[2017.09.30-01.26.28:891][663]LogModuleManager: Shutting down and abandoning module TextureFormatUncompressed (131)
[2017.09.30-01.26.28:891][663]LogModuleManager: Shutting down and abandoning module TextureFormatPVR (129)
[2017.09.30-01.26.28:891][663]LogModuleManager: Shutting down and abandoning module TextureFormatDXT (127)
[2017.09.30-01.26.28:891][663]LogModuleManager: Shutting down and abandoning module TextureFormatIntelISPCTexComp (125)
[2017.09.30-01.26.28:891][663]LogModuleManager: Shutting down and abandoning module TextureFormatASTC (123)
[2017.09.30-01.26.28:891][663]LogModuleManager: Shutting down and abandoning module ImageWrapper (122)
[2017.09.30-01.26.28:891][663]LogModuleManager: Shutting down and abandoning module TextureFormatAndroid (119)
[2017.09.30-01.26.28:891][663]LogModuleManager: Shutting down and abandoning module AudioFormatOpus (117)
[2017.09.30-01.26.28:891][663]LogModuleManager: Shutting down and abandoning module AudioFormatOgg (115)
[2017.09.30-01.26.28:891][663]LogModuleManager: Shutting down and abandoning module AudioFormatADPCM (113)
[2017.09.30-01.26.28:891][663]LogModuleManager: Shutting down and abandoning module LinuxTargetPlatform (111)
[2017.09.30-01.26.28:891][663]LogModuleManager: Shutting down and abandoning module LinuxServerTargetPlatform (109)
[2017.09.30-01.26.28:891][663]LogModuleManager: Shutting down and abandoning module LinuxNoEditorTargetPlatform (107)
[2017.09.30-01.26.28:891][663]LogModuleManager: Shutting down and abandoning module LinuxClientTargetPlatform (105)
[2017.09.30-01.26.28:891][663]LogModuleManager: Shutting down and abandoning module TVOSTargetPlatform (103)
[2017.09.30-01.26.28:891][663]LogModuleManager: Shutting down and abandoning module Messaging (101)
[2017.09.30-01.26.28:891][663]LogModuleManager: Shutting down and abandoning module IOSTargetPlatform (99)
[2017.09.30-01.26.28:891][663]LogModuleManager: Shutting down and abandoning module HTML5TargetPlatform (97)
[2017.09.30-01.26.28:891][663]LogModuleManager: Shutting down and abandoning module Android_PVRTCTargetPlatform (95)
[2017.09.30-01.26.28:891][663]LogModuleManager: Shutting down and abandoning module Android_MultiTargetPlatform (93)
[2017.09.30-01.26.28:892][663]LogModuleManager: Shutting down and abandoning module Android_ETC2TargetPlatform (91)
[2017.09.30-01.26.28:892][663]LogModuleManager: Shutting down and abandoning module Android_ETC1TargetPlatform (89)
[2017.09.30-01.26.28:892][663]LogModuleManager: Shutting down and abandoning module Android_DXTTargetPlatform (87)
[2017.09.30-01.26.28:892][663]LogModuleManager: Shutting down and abandoning module Android_ATCTargetPlatform (85)
[2017.09.30-01.26.28:892][663]LogModuleManager: Shutting down and abandoning module Android_ASTCTargetPlatform (83)
[2017.09.30-01.26.28:892][663]LogModuleManager: Shutting down and abandoning module AndroidTargetPlatform (81)
[2017.09.30-01.26.28:892][663]LogModuleManager: Shutting down and abandoning module WindowsTargetPlatform (79)
[2017.09.30-01.26.28:892][663]LogModuleManager: Shutting down and abandoning module WindowsServerTargetPlatform (77)
[2017.09.30-01.26.28:892][663]LogModuleManager: Shutting down and abandoning module WindowsNoEditorTargetPlatform (75)
[2017.09.30-01.26.28:892][663]LogModuleManager: Shutting down and abandoning module WindowsClientTargetPlatform (73)
[2017.09.30-01.26.28:892][663]LogModuleManager: Shutting down and abandoning module MacTargetPlatform (71)
[2017.09.30-01.26.28:892][663]LogModuleManager: Shutting down and abandoning module MacServerTargetPlatform (69)
[2017.09.30-01.26.28:892][663]LogModuleManager: Shutting down and abandoning module MacNoEditorTargetPlatform (67)
[2017.09.30-01.26.28:892][663]LogModuleManager: Shutting down and abandoning module MacClientTargetPlatform (65)
[2017.09.30-01.26.28:892][663]LogModuleManager: Shutting down and abandoning module AllDesktopTargetPlatform (63)
[2017.09.30-01.26.28:892][663]LogModuleManager: Shutting down and abandoning module InputCore (60)
[2017.09.30-01.26.28:892][663]LogModuleManager: Shutting down and abandoning module Settings (58)
[2017.09.30-01.26.28:892][663]LogModuleManager: Shutting down and abandoning module PhysXCooking (56)
[2017.09.30-01.26.28:892][663]LogModuleManager: Shutting down and abandoning module SteamVR (54)
[2017.09.30-01.26.28:892][663]LogModuleManager: Shutting down and abandoning module OculusHMD (52)
[2017.09.30-01.26.28:892][663]LogModuleManager: Shutting down and abandoning module ExampleDeviceProfileSelector (50)
[2017.09.30-01.26.28:892][663]LogModuleManager: Shutting down and abandoning module OnlineBlueprintSupport (48)
[2017.09.30-01.26.28:892][663]LogModuleManager: Shutting down and abandoning module OnlineSubsystem (44)
[2017.09.30-01.26.28:892][663]LogOnline: Display: Unloading online subsystem: NULL
[2017.09.30-01.26.28:892][663]LogModuleManager: Shutting down and abandoning module XMPP (43)
[2017.09.30-01.26.28:892][663]LogModuleManager: Shutting down and abandoning module HTTP (41)
[2017.09.30-01.26.28:893][663]LogHttp: Display: Http module shutting down, but needs to wait on 1 outstanding Http requests:
[2017.09.30-01.26.28:893][663]LogHttp: Display: 	verb=[POST] url=[https://datarouter.ol.epicgames.com/datarouter/api/v1/public/data?SessionID=%7BBBA3EF4B-4BAF-00C0-A36D-AC8A7DDD6956%7D&AppID=UEEditor.Rocket.Release&AppVersion=4.17.2-3658906%2B%2B%2BUE4%2BRelease-4.17&UserID=9d7f39c04ffb6d6167a99595527e7371%7C64d807d9b33448289d62f8bec5c76ad0%7Cd502dd88-b9c2-46b8-aa34-f75937329476&AppEnvironment=datacollector-binary&UploadType=eteventstream] status=Processing
[2017.09.30-01.26.28:898][663]LogModuleManager: Shutting down and abandoning module SSL (40)
[2017.09.30-01.26.28:899][663]LogModuleManager: Shutting down and abandoning module AnimationModifiers (36)
[2017.09.30-01.26.28:899][663]LogModuleManager: Shutting down and abandoning module PropertyEditor (35)
[2017.09.30-01.26.28:899][663]LogModuleManager: Shutting down and abandoning module AudioEditor (32)
[2017.09.30-01.26.28:899][663]LogModuleManager: Shutting down and abandoning module TextureCompressor (30)
[2017.09.30-01.26.28:899][663]LogModuleManager: Shutting down and abandoning module ShaderCore (28)
[2017.09.30-01.26.28:899][663]LogModuleManager: Shutting down and abandoning module Landscape (26)
[2017.09.30-01.26.28:899][663]LogModuleManager: Shutting down and abandoning module SlateRHIRenderer (24)
[2017.09.30-01.26.28:900][663]LogModuleManager: Shutting down and abandoning module OpenGLDrv (22)
[2017.09.30-01.26.28:900][663]LogModuleManager: Shutting down and abandoning module D3D11RHI (20)
[2017.09.30-01.26.28:900][663]LogModuleManager: Shutting down and abandoning module AnimGraphRuntime (18)
[2017.09.30-01.26.28:900][663]LogModuleManager: Shutting down and abandoning module Renderer (16)
[2017.09.30-01.26.28:900][663]LogModuleManager: Shutting down and abandoning module Engine (14)
[2017.09.30-01.26.28:900][663]LogModuleManager: Shutting down and abandoning module CoreUObject (12)
[2017.09.30-01.26.28:900][663]LogModuleManager: Shutting down and abandoning module NetworkFile (10)
[2017.09.30-01.26.28:900][663]LogModuleManager: Shutting down and abandoning module CookedIterativeFile (8)
[2017.09.30-01.26.28:900][663]LogModuleManager: Shutting down and abandoning module StreamingFile (6)
[2017.09.30-01.26.28:900][663]LogModuleManager: Shutting down and abandoning module SandboxFile (4)
[2017.09.30-01.26.28:900][663]LogModuleManager: Shutting down and abandoning module PakFile (2)
[2017.09.30-01.26.28:902][663]LogExit: Exiting.
[2017.09.30-01.26.28:909][663]Log file closed, 09/29/17 18:26:28
